(car_pos,task_active,M_active,D_active,C_active,E_update,M_update,near_point,far_point,near_set,far_set,near_found,near_distracted,far_distracted,memory_1,memory_1_dist,memory_1_limit,memory_2,memory_2_dist,memory_3,memory_3_dist,process_near,process_far,decision,distance,velocity,set_acc,assist,light_signal,road_update,counter)
0:(0,false,false,false,false,false,false,0,0,false,false,false,false,false,0,-1,38,0,-1,0,-1,false,false,0,0,0,true,0,1,false,1)
1:(0,true,false,false,false,false,false,4,44,true,true,true,false,false,0,-1,9,0,-1,0,-1,false,true,1,6,6,true,0,1,true,1)
2:(0,true,false,false,false,false,false,4,44,true,true,true,false,false,0,-1,9,0,-1,0,-1,false,true,1,6,6,true,0,1,true,2)
3:(0,true,false,false,false,false,false,4,44,true,true,true,false,false,0,-1,9,0,-1,0,-1,false,true,1,6,6,true,0,3,true,1)
4:(0,true,false,false,false,false,false,4,44,true,true,true,false,false,0,-1,9,0,-1,0,-1,false,true,1,6,6,true,0,3,true,2)
5:(0,true,false,false,false,true,false,4,44,true,true,true,false,false,0,-1,9,0,-1,0,-1,false,true,1,6,6,true,0,1,false,1)
6:(0,true,false,false,false,true,false,4,44,true,true,true,false,false,0,-1,9,0,-1,0,-1,false,true,1,6,6,true,0,2,false,1)
7:(0,true,false,false,false,true,false,4,44,true,true,true,false,false,0,-1,9,0,-1,0,-1,false,true,1,6,6,true,0,3,false,1)
8:(0,true,false,false,false,true,false,4,44,true,true,true,false,false,0,-1,9,0,-1,0,-1,false,true,1,6,6,true,0,4,false,1)
9:(0,true,false,false,true,false,false,4,44,true,true,true,false,false,0,-1,9,0,-1,0,-1,false,true,1,0,0,true,0,1,false,1)
10:(0,true,false,false,true,false,false,4,44,true,true,true,false,false,0,-1,9,0,-1,0,-1,false,true,1,0,0,true,0,2,false,1)
11:(0,true,false,false,true,false,false,4,44,true,true,true,false,false,0,-1,9,0,-1,0,-1,false,true,1,0,0,true,0,3,false,1)
12:(0,true,false,false,true,false,false,4,44,true,true,true,false,false,0,-1,9,0,-1,0,-1,false,true,1,0,0,true,0,4,false,1)
13:(0,true,false,true,false,false,false,4,44,true,true,true,false,false,0,-1,9,0,-1,0,-1,false,true,0,0,0,true,0,1,false,1)
14:(0,true,false,true,false,false,false,4,44,true,true,true,false,false,0,-1,9,0,-1,0,-1,false,true,0,0,0,true,0,2,false,1)
15:(0,true,false,true,false,false,false,4,44,true,true,true,false,false,0,-1,9,0,-1,0,-1,false,true,0,0,0,true,0,3,false,1)
16:(0,true,false,true,false,false,false,4,44,true,true,true,false,false,0,-1,9,0,-1,0,-1,false,true,0,0,0,true,0,4,false,1)
17:(0,true,true,false,false,false,false,0,0,false,false,false,false,false,0,-1,38,0,-1,0,-1,false,false,0,0,0,true,0,1,false,1)
18:(0,true,true,false,false,false,false,0,0,false,false,false,false,false,0,-1,38,0,-1,0,-1,false,false,0,0,0,true,0,2,false,1)
19:(0,true,true,false,false,false,false,0,0,false,false,false,false,false,0,-1,38,0,-1,0,-1,false,false,0,0,0,true,0,3,false,1)
20:(0,true,true,false,false,false,false,0,0,false,false,false,false,false,0,-1,38,0,-1,0,-1,false,false,0,0,0,true,0,4,false,1)
21:(0,true,true,false,false,false,false,4,0,true,false,false,false,false,0,-1,38,0,-1,0,-1,false,false,0,0,0,true,0,1,false,1)
22:(0,true,true,false,false,false,false,4,0,true,false,false,false,false,0,-1,38,0,-1,0,-1,false,false,0,0,0,true,0,2,false,1)
23:(0,true,true,false,false,false,false,4,0,true,false,false,false,false,0,-1,38,0,-1,0,-1,false,false,0,0,0,true,0,3,false,1)
24:(0,true,true,false,false,false,false,4,0,true,false,false,false,false,0,-1,38,0,-1,0,-1,false,false,0,0,0,true,0,4,false,1)
25:(0,true,true,false,false,false,false,4,0,true,false,true,false,false,0,-1,9,0,-1,0,-1,false,false,0,0,0,true,0,1,false,1)
26:(0,true,true,false,false,false,false,4,0,true,false,true,false,false,0,-1,9,0,-1,0,-1,false,false,0,0,0,true,0,2,false,1)
27:(0,true,true,false,false,false,false,4,0,true,false,true,false,false,0,-1,9,0,-1,0,-1,false,false,0,0,0,true,0,3,false,1)
28:(0,true,true,false,false,false,false,4,0,true,false,true,false,false,0,-1,9,0,-1,0,-1,false,false,0,0,0,true,0,4,false,1)
29:(0,true,true,false,false,false,false,4,0,true,false,true,false,false,0,-1,9,0,-1,0,-1,true,false,0,0,0,true,0,1,false,1)
30:(0,true,true,false,false,false,false,4,0,true,false,true,false,false,0,-1,9,0,-1,0,-1,true,false,0,0,0,true,0,2,false,1)
31:(0,true,true,false,false,false,false,4,0,true,false,true,false,false,0,-1,9,0,-1,0,-1,true,false,0,0,0,true,0,3,false,1)
32:(0,true,true,false,false,false,false,4,0,true,false,true,false,false,0,-1,9,0,-1,0,-1,true,false,0,0,0,true,0,4,false,1)
33:(0,true,true,false,false,false,false,4,44,true,true,true,false,false,0,-1,9,0,-1,0,-1,false,false,0,0,0,true,0,1,false,1)
34:(0,true,true,false,false,false,false,4,44,true,true,true,false,false,0,-1,9,0,-1,0,-1,false,false,0,0,0,true,0,2,false,1)
35:(0,true,true,false,false,false,false,4,44,true,true,true,false,false,0,-1,9,0,-1,0,-1,false,false,0,0,0,true,0,3,false,1)
36:(0,true,true,false,false,false,false,4,44,true,true,true,false,false,0,-1,9,0,-1,0,-1,false,false,0,0,0,true,0,4,false,1)
37:(6,true,false,false,false,false,false,10,50,true,true,true,false,false,0,-1,9,0,-1,0,-1,false,true,0,12,6,true,0,1,true,2)
38:(6,true,false,false,false,false,false,10,50,true,true,true,false,false,0,-1,9,0,-1,0,-1,false,true,0,12,6,true,0,1,true,3)
39:(6,true,false,false,false,false,false,10,50,true,true,true,false,false,0,-1,9,0,-1,0,-1,false,true,0,12,6,true,0,3,true,2)
40:(6,true,false,false,false,false,false,10,50,true,true,true,false,false,0,-1,9,0,-1,0,-1,false,true,0,12,6,true,0,3,true,3)
41:(6,true,false,false,false,true,false,10,50,true,true,true,false,false,0,-1,9,0,-1,0,-1,false,true,0,12,6,true,0,1,false,1)
42:(6,true,false,false,false,true,false,10,50,true,true,true,false,false,0,-1,9,0,-1,0,-1,false,true,0,12,6,true,0,1,false,2)
43:(6,true,false,false,false,true,false,10,50,true,true,true,false,false,0,-1,9,0,-1,0,-1,false,true,0,12,6,true,0,3,false,1)
44:(6,true,false,false,false,true,false,10,50,true,true,true,false,false,0,-1,9,0,-1,0,-1,false,true,0,12,6,true,0,3,false,2)
45:(6,true,false,false,true,false,false,10,50,true,true,true,false,false,0,-1,9,0,-1,0,-1,false,true,0,6,6,true,0,1,false,1)
46:(6,true,false,false,true,false,false,10,50,true,true,true,false,false,0,-1,9,0,-1,0,-1,false,true,0,6,6,true,0,1,false,2)
47:(6,true,false,false,true,false,false,10,50,true,true,true,false,false,0,-1,9,0,-1,0,-1,false,true,0,6,6,true,0,3,false,1)
48:(6,true,false,false,true,false,false,10,50,true,true,true,false,false,0,-1,9,0,-1,0,-1,false,true,0,6,6,true,0,3,false,2)
49:(6,true,false,true,false,false,false,10,50,true,true,true,false,false,0,-1,9,0,-1,0,-1,false,true,1,6,6,true,0,1,false,1)
50:(6,true,false,true,false,false,false,10,50,true,true,true,false,false,0,-1,9,0,-1,0,-1,false,true,1,6,6,true,0,1,false,2)
51:(6,true,false,true,false,false,false,10,50,true,true,true,false,false,0,-1,9,0,-1,0,-1,false,true,1,6,6,true,0,3,false,1)
52:(6,true,false,true,false,false,false,10,50,true,true,true,false,false,0,-1,9,0,-1,0,-1,false,true,1,6,6,true,0,3,false,2)
53:(6,true,true,false,false,false,false,4,44,false,false,false,false,false,0,-1,38,0,-1,0,-1,false,false,1,6,6,true,0,1,false,1)
54:(6,true,true,false,false,false,false,4,44,false,false,false,false,false,0,-1,38,0,-1,0,-1,false,false,1,6,6,true,0,1,false,2)
55:(6,true,true,false,false,false,false,4,44,false,false,false,false,false,0,-1,38,0,-1,0,-1,false,false,1,6,6,true,0,3,false,1)
56:(6,true,true,false,false,false,false,4,44,false,false,false,false,false,0,-1,38,0,-1,0,-1,false,false,1,6,6,true,0,3,false,2)
57:(6,true,true,false,false,false,false,10,44,true,false,false,false,false,0,-1,38,0,-1,0,-1,false,false,1,6,6,true,0,1,false,1)
58:(6,true,true,false,false,false,false,10,44,true,false,false,false,false,0,-1,38,0,-1,0,-1,false,false,1,6,6,true,0,1,false,2)
59:(6,true,true,false,false,false,false,10,44,true,false,false,false,false,0,-1,38,0,-1,0,-1,false,false,1,6,6,true,0,3,false,1)
60:(6,true,true,false,false,false,false,10,44,true,false,false,false,false,0,-1,38,0,-1,0,-1,false,false,1,6,6,true,0,3,false,2)
61:(6,true,true,false,false,false,false,10,44,true,false,true,false,false,0,-1,9,0,-1,0,-1,false,false,1,6,6,true,0,1,false,1)
62:(6,true,true,false,false,false,false,10,44,true,false,true,false,false,0,-1,9,0,-1,0,-1,false,false,1,6,6,true,0,1,false,2)
63:(6,true,true,false,false,false,false,10,44,true,false,true,false,false,0,-1,9,0,-1,0,-1,false,false,1,6,6,true,0,3,false,1)
64:(6,true,true,false,false,false,false,10,44,true,false,true,false,false,0,-1,9,0,-1,0,-1,false,false,1,6,6,true,0,3,false,2)
65:(6,true,true,false,false,false,false,10,44,true,false,true,false,false,0,-1,9,0,-1,0,-1,true,false,1,6,6,true,0,1,false,1)
66:(6,true,true,false,false,false,false,10,44,true,false,true,false,false,0,-1,9,0,-1,0,-1,true,false,1,6,6,true,0,1,false,2)
67:(6,true,true,false,false,false,false,10,44,true,false,true,false,false,0,-1,9,0,-1,0,-1,true,false,1,6,6,true,0,3,false,1)
68:(6,true,true,false,false,false,false,10,44,true,false,true,false,false,0,-1,9,0,-1,0,-1,true,false,1,6,6,true,0,3,false,2)
69:(6,true,true,false,false,false,false,10,50,true,true,true,false,false,0,-1,9,0,-1,0,-1,false,false,1,6,6,true,0,1,false,1)
70:(6,true,true,false,false,false,false,10,50,true,true,true,false,false,0,-1,9,0,-1,0,-1,false,false,1,6,6,true,0,1,false,2)
71:(6,true,true,false,false,false,false,10,50,true,true,true,false,false,0,-1,9,0,-1,0,-1,false,false,1,6,6,true,0,3,false,1)
72:(6,true,true,false,false,false,false,10,50,true,true,true,false,false,0,-1,9,0,-1,0,-1,false,false,1,6,6,true,0,3,false,2)
73:(6,true,true,false,false,false,true,4,44,true,true,true,false,false,0,-1,9,0,-1,0,-1,false,true,1,6,6,true,0,1,false,1)
74:(6,true,true,false,false,false,true,4,44,true,true,true,false,false,0,-1,9,0,-1,0,-1,false,true,1,6,6,true,0,1,false,2)
75:(6,true,true,false,false,false,true,4,44,true,true,true,false,false,0,-1,9,0,-1,0,-1,false,true,1,6,6,true,0,3,false,1)
76:(6,true,true,false,false,false,true,4,44,true,true,true,false,false,0,-1,9,0,-1,0,-1,false,true,1,6,6,true,0,3,false,2)
77:(18,true,false,false,false,false,false,22,62,true,true,true,false,false,0,-1,9,0,-1,0,-1,false,true,0,12,6,true,0,1,true,3)
78:(18,true,false,false,false,false,false,22,62,true,true,true,false,false,0,-1,9,0,-1,0,-1,false,true,0,12,6,true,0,1,true,4)
79:(18,true,false,false,false,false,false,22,62,true,true,true,false,false,0,-1,9,0,-1,0,-1,false,true,0,12,6,true,0,3,true,3)
80:(18,true,false,false,false,false,false,22,62,true,true,true,false,false,0,-1,9,0,-1,0,-1,false,true,0,12,6,true,0,4,true,1)
81:(18,true,false,false,false,true,false,22,62,true,true,true,false,false,0,-1,9,0,-1,0,-1,false,true,0,12,6,true,0,1,false,2)
82:(18,true,false,false,false,true,false,22,62,true,true,true,false,false,0,-1,9,0,-1,0,-1,false,true,0,12,6,true,0,1,false,3)
83:(18,true,false,false,false,true,false,22,62,true,true,true,false,false,0,-1,9,0,-1,0,-1,false,true,0,12,6,true,0,3,false,2)
84:(18,true,false,false,false,true,false,22,62,true,true,true,false,false,0,-1,9,0,-1,0,-1,false,true,0,12,6,true,0,3,false,3)
85:(18,true,false,false,true,false,false,22,62,true,true,true,false,false,0,-1,9,0,-1,0,-1,false,true,0,12,6,true,0,1,false,2)
86:(18,true,false,false,true,false,false,22,62,true,true,true,false,false,0,-1,9,0,-1,0,-1,false,true,0,12,6,true,0,1,false,3)
87:(18,true,false,false,true,false,false,22,62,true,true,true,false,false,0,-1,9,0,-1,0,-1,false,true,0,12,6,true,0,3,false,2)
88:(18,true,false,false,true,false,false,22,62,true,true,true,false,false,0,-1,9,0,-1,0,-1,false,true,0,12,6,true,0,3,false,3)
89:(18,true,false,true,false,false,false,22,62,true,true,true,false,false,0,-1,9,0,-1,0,-1,false,true,0,12,6,true,0,1,false,2)
90:(18,true,false,true,false,false,false,22,62,true,true,true,false,false,0,-1,9,0,-1,0,-1,false,true,0,12,6,true,0,1,false,3)
91:(18,true,false,true,false,false,false,22,62,true,true,true,false,false,0,-1,9,0,-1,0,-1,false,true,0,12,6,true,0,3,false,2)
92:(18,true,false,true,false,false,false,22,62,true,true,true,false,false,0,-1,9,0,-1,0,-1,false,true,0,12,6,true,0,3,false,3)
93:(18,true,true,false,false,false,false,10,50,false,false,false,false,false,0,-1,38,0,-1,0,-1,false,false,0,12,6,true,0,1,false,2)
94:(18,true,true,false,false,false,false,10,50,false,false,false,false,false,0,-1,38,0,-1,0,-1,false,false,0,12,6,true,0,1,false,3)
95:(18,true,true,false,false,false,false,10,50,false,false,false,false,false,0,-1,38,0,-1,0,-1,false,false,0,12,6,true,0,3,false,2)
96:(18,true,true,false,false,false,false,10,50,false,false,false,false,false,0,-1,38,0,-1,0,-1,false,false,0,12,6,true,0,3,false,3)
97:(18,true,true,false,false,false,false,22,50,true,false,false,false,false,0,-1,38,0,-1,0,-1,false,false,0,12,6,true,0,1,false,2)
98:(18,true,true,false,false,false,false,22,50,true,false,false,false,false,0,-1,38,0,-1,0,-1,false,false,0,12,6,true,0,1,false,3)
99:(18,true,true,false,false,false,false,22,50,true,false,false,false,false,0,-1,38,0,-1,0,-1,false,false,0,12,6,true,0,3,false,2)
100:(18,true,true,false,false,false,false,22,50,true,false,false,false,false,0,-1,38,0,-1,0,-1,false,false,0,12,6,true,0,3,false,3)
101:(18,true,true,false,false,false,false,22,50,true,false,true,false,false,0,-1,9,0,-1,0,-1,false,false,0,12,6,true,0,1,false,2)
102:(18,true,true,false,false,false,false,22,50,true,false,true,false,false,0,-1,9,0,-1,0,-1,false,false,0,12,6,true,0,1,false,3)
103:(18,true,true,false,false,false,false,22,50,true,false,true,false,false,0,-1,9,0,-1,0,-1,false,false,0,12,6,true,0,3,false,2)
104:(18,true,true,false,false,false,false,22,50,true,false,true,false,false,0,-1,9,0,-1,0,-1,false,false,0,12,6,true,0,3,false,3)
105:(18,true,true,false,false,false,false,22,50,true,false,true,false,false,0,-1,9,0,-1,0,-1,true,false,0,12,6,true,0,1,false,2)
106:(18,true,true,false,false,false,false,22,50,true,false,true,false,false,0,-1,9,0,-1,0,-1,true,false,0,12,6,true,0,1,false,3)
107:(18,true,true,false,false,false,false,22,50,true,false,true,false,false,0,-1,9,0,-1,0,-1,true,false,0,12,6,true,0,3,false,2)
108:(18,true,true,false,false,false,false,22,50,true,false,true,false,false,0,-1,9,0,-1,0,-1,true,false,0,12,6,true,0,3,false,3)
109:(18,true,true,false,false,false,false,22,62,true,true,true,false,false,0,-1,9,0,-1,0,-1,false,false,0,12,6,true,0,1,false,2)
110:(18,true,true,false,false,false,false,22,62,true,true,true,false,false,0,-1,9,0,-1,0,-1,false,false,0,12,6,true,0,1,false,3)
111:(18,true,true,false,false,false,false,22,62,true,true,true,false,false,0,-1,9,0,-1,0,-1,false,false,0,12,6,true,0,3,false,2)
112:(18,true,true,false,false,false,false,22,62,true,true,true,false,false,0,-1,9,0,-1,0,-1,false,false,0,12,6,true,0,3,false,3)
113:(18,true,true,false,false,false,true,10,50,true,true,true,false,false,0,-1,9,0,-1,0,-1,false,true,0,12,6,true,0,1,false,2)
114:(18,true,true,false,false,false,true,10,50,true,true,true,false,false,0,-1,9,0,-1,0,-1,false,true,0,12,6,true,0,1,false,3)
115:(18,true,true,false,false,false,true,10,50,true,true,true,false,false,0,-1,9,0,-1,0,-1,false,true,0,12,6,true,0,3,false,2)
116:(18,true,true,false,false,false,true,10,50,true,true,true,false,false,0,-1,9,0,-1,0,-1,false,true,0,12,6,true,0,3,false,3)
117:(30,true,false,false,false,false,false,34,74,true,true,true,false,false,0,-1,9,0,-1,0,-1,false,true,0,12,6,true,0,1,true,1)
118:(30,true,false,false,false,false,false,34,74,true,true,true,false,false,0,-1,9,0,-1,0,-1,false,true,0,12,6,true,0,1,true,4)
119:(30,true,false,false,false,false,false,34,74,true,true,true,false,false,0,-1,9,0,-1,0,-1,false,true,0,12,6,true,0,1,true,5)
120:(30,true,false,false,false,false,false,34,74,true,true,true,false,false,0,-1,9,0,-1,0,-1,false,true,0,12,6,true,0,4,true,1)
121:(30,true,false,false,false,true,false,34,74,true,true,true,false,false,0,-1,9,0,-1,0,-1,false,true,0,12,6,true,0,1,false,3)
122:(30,true,false,false,false,true,false,34,74,true,true,true,false,false,0,-1,9,0,-1,0,-1,false,true,0,12,6,true,0,1,false,4)
123:(30,true,false,false,false,true,false,34,74,true,true,true,false,false,0,-1,9,0,-1,0,-1,false,true,0,12,6,true,0,3,false,3)
124:(30,true,false,false,false,true,false,34,74,true,true,true,false,false,0,-1,9,0,-1,0,-1,false,true,0,12,6,true,0,4,false,1)
125:(30,true,false,false,true,false,false,34,74,true,true,true,false,false,0,-1,9,0,-1,0,-1,false,true,0,12,6,true,0,1,false,3)
126:(30,true,false,false,true,false,false,34,74,true,true,true,false,false,0,-1,9,0,-1,0,-1,false,true,0,12,6,true,0,1,false,4)
127:(30,true,false,false,true,false,false,34,74,true,true,true,false,false,0,-1,9,0,-1,0,-1,false,true,0,12,6,true,0,3,false,3)
128:(30,true,false,false,true,false,false,34,74,true,true,true,false,false,0,-1,9,0,-1,0,-1,false,true,0,12,6,true,0,4,false,1)
129:(30,true,false,true,false,false,false,34,74,true,true,true,false,false,0,-1,9,0,-1,0,-1,false,true,0,12,6,true,0,1,false,3)
130:(30,true,false,true,false,false,false,34,74,true,true,true,false,false,0,-1,9,0,-1,0,-1,false,true,0,12,6,true,0,1,false,4)
131:(30,true,false,true,false,false,false,34,74,true,true,true,false,false,0,-1,9,0,-1,0,-1,false,true,0,12,6,true,0,3,false,3)
132:(30,true,false,true,false,false,false,34,74,true,true,true,false,false,0,-1,9,0,-1,0,-1,false,true,0,12,6,true,0,4,false,1)
133:(30,true,true,false,false,false,false,22,62,false,false,false,false,false,0,-1,38,0,-1,0,-1,false,false,0,12,6,true,0,1,false,3)
134:(30,true,true,false,false,false,false,22,62,false,false,false,false,false,0,-1,38,0,-1,0,-1,false,false,0,12,6,true,0,1,false,4)
135:(30,true,true,false,false,false,false,22,62,false,false,false,false,false,0,-1,38,0,-1,0,-1,false,false,0,12,6,true,0,3,false,3)
136:(30,true,true,false,false,false,false,22,62,false,false,false,false,false,0,-1,38,0,-1,0,-1,false,false,0,12,6,true,0,4,false,1)
137:(30,true,true,false,false,false,false,34,62,true,false,false,false,false,0,-1,38,0,-1,0,-1,false,false,0,12,6,true,0,1,false,3)
138:(30,true,true,false,false,false,false,34,62,true,false,false,false,false,0,-1,38,0,-1,0,-1,false,false,0,12,6,true,0,1,false,4)
139:(30,true,true,false,false,false,false,34,62,true,false,false,false,false,0,-1,38,0,-1,0,-1,false,false,0,12,6,true,0,3,false,3)
140:(30,true,true,false,false,false,false,34,62,true,false,false,false,false,0,-1,38,0,-1,0,-1,false,false,0,12,6,true,0,4,false,1)
141:(30,true,true,false,false,false,false,34,62,true,false,true,false,false,0,-1,9,0,-1,0,-1,false,false,0,12,6,true,0,1,false,3)
142:(30,true,true,false,false,false,false,34,62,true,false,true,false,false,0,-1,9,0,-1,0,-1,false,false,0,12,6,true,0,1,false,4)
143:(30,true,true,false,false,false,false,34,62,true,false,true,false,false,0,-1,9,0,-1,0,-1,false,false,0,12,6,true,0,3,false,3)
144:(30,true,true,false,false,false,false,34,62,true,false,true,false,false,0,-1,9,0,-1,0,-1,false,false,0,12,6,true,0,4,false,1)
145:(30,true,true,false,false,false,false,34,62,true,false,true,false,false,0,-1,9,0,-1,0,-1,true,false,0,12,6,true,0,1,false,3)
146:(30,true,true,false,false,false,false,34,62,true,false,true,false,false,0,-1,9,0,-1,0,-1,true,false,0,12,6,true,0,1,false,4)
147:(30,true,true,false,false,false,false,34,62,true,false,true,false,false,0,-1,9,0,-1,0,-1,true,false,0,12,6,true,0,3,false,3)
148:(30,true,true,false,false,false,false,34,62,true,false,true,false,false,0,-1,9,0,-1,0,-1,true,false,0,12,6,true,0,4,false,1)
149:(30,true,true,false,false,false,false,34,74,true,true,true,false,false,0,-1,9,0,-1,0,-1,false,false,0,12,6,true,0,1,false,3)
150:(30,true,true,false,false,false,false,34,74,true,true,true,false,false,0,-1,9,0,-1,0,-1,false,false,0,12,6,true,0,1,false,4)
151:(30,true,true,false,false,false,false,34,74,true,true,true,false,false,0,-1,9,0,-1,0,-1,false,false,0,12,6,true,0,3,false,3)
152:(30,true,true,false,false,false,false,34,74,true,true,true,false,false,0,-1,9,0,-1,0,-1,false,false,0,12,6,true,0,4,false,1)
153:(30,true,true,false,false,false,true,22,62,true,true,true,false,false,0,-1,9,0,-1,0,-1,false,true,0,12,6,true,0,1,false,3)
154:(30,true,true,false,false,false,true,22,62,true,true,true,false,false,0,-1,9,0,-1,0,-1,false,true,0,12,6,true,0,1,false,4)
155:(30,true,true,false,false,false,true,22,62,true,true,true,false,false,0,-1,9,0,-1,0,-1,false,true,0,12,6,true,0,3,false,3)
156:(30,true,true,false,false,false,true,22,62,true,true,true,false,false,0,-1,9,0,-1,0,-1,false,true,0,12,6,true,0,4,false,1)
157:(42,true,false,false,false,false,false,46,86,true,true,true,false,false,0,-1,9,0,-1,0,-1,false,true,0,12,6,true,0,1,true,1)
158:(42,true,false,false,false,false,false,46,86,true,true,true,false,false,0,-1,9,0,-1,0,-1,false,true,0,12,6,true,0,1,true,2)
159:(42,true,false,false,false,false,false,46,86,true,true,true,false,false,0,-1,9,0,-1,0,-1,false,true,0,12,6,true,0,1,true,5)
160:(42,true,false,false,false,false,false,46,86,true,true,true,false,false,0,-1,9,0,-1,0,-1,false,true,0,12,6,true,0,2,true,1)
161:(42,true,false,false,false,true,false,46,86,true,true,true,false,false,0,-1,9,0,-1,0,-1,false,true,0,12,6,true,0,1,false,1)
162:(42,true,false,false,false,true,false,46,86,true,true,true,false,false,0,-1,9,0,-1,0,-1,false,true,0,12,6,true,0,1,false,4)
163:(42,true,false,false,false,true,false,46,86,true,true,true,false,false,0,-1,9,0,-1,0,-1,false,true,0,12,6,true,0,1,false,5)
164:(42,true,false,false,false,true,false,46,86,true,true,true,false,false,0,-1,9,0,-1,0,-1,false,true,0,12,6,true,0,4,false,1)
165:(42,true,false,false,true,false,false,46,86,true,true,true,false,false,0,-1,9,0,-1,0,-1,false,true,0,12,6,true,0,1,false,1)
166:(42,true,false,false,true,false,false,46,86,true,true,true,false,false,0,-1,9,0,-1,0,-1,false,true,0,12,6,true,0,1,false,4)
167:(42,true,false,false,true,false,false,46,86,true,true,true,false,false,0,-1,9,0,-1,0,-1,false,true,0,12,6,true,0,1,false,5)
168:(42,true,false,false,true,false,false,46,86,true,true,true,false,false,0,-1,9,0,-1,0,-1,false,true,0,12,6,true,0,4,false,1)
169:(42,true,false,true,false,false,false,46,86,true,true,true,false,false,0,-1,9,0,-1,0,-1,false,true,0,12,6,true,0,1,false,1)
170:(42,true,false,true,false,false,false,46,86,true,true,true,false,false,0,-1,9,0,-1,0,-1,false,true,0,12,6,true,0,1,false,4)
171:(42,true,false,true,false,false,false,46,86,true,true,true,false,false,0,-1,9,0,-1,0,-1,false,true,0,12,6,true,0,1,false,5)
172:(42,true,false,true,false,false,false,46,86,true,true,true,false,false,0,-1,9,0,-1,0,-1,false,true,0,12,6,true,0,4,false,1)
173:(42,true,true,false,false,false,false,34,74,false,false,false,false,false,0,-1,38,0,-1,0,-1,false,false,0,12,6,true,0,1,false,1)
174:(42,true,true,false,false,false,false,34,74,false,false,false,false,false,0,-1,38,0,-1,0,-1,false,false,0,12,6,true,0,1,false,4)
175:(42,true,true,false,false,false,false,34,74,false,false,false,false,false,0,-1,38,0,-1,0,-1,false,false,0,12,6,true,0,1,false,5)
176:(42,true,true,false,false,false,false,34,74,false,false,false,false,false,0,-1,38,0,-1,0,-1,false,false,0,12,6,true,0,4,false,1)
177:(42,true,true,false,false,false,false,46,74,true,false,false,false,false,0,-1,38,0,-1,0,-1,false,false,0,12,6,true,0,1,false,1)
178:(42,true,true,false,false,false,false,46,74,true,false,false,false,false,0,-1,38,0,-1,0,-1,false,false,0,12,6,true,0,1,false,4)
179:(42,true,true,false,false,false,false,46,74,true,false,false,false,false,0,-1,38,0,-1,0,-1,false,false,0,12,6,true,0,1,false,5)
180:(42,true,true,false,false,false,false,46,74,true,false,false,false,false,0,-1,38,0,-1,0,-1,false,false,0,12,6,true,0,4,false,1)
181:(42,true,true,false,false,false,false,46,74,true,false,true,false,false,0,-1,9,0,-1,0,-1,false,false,0,12,6,true,0,1,false,1)
182:(42,true,true,false,false,false,false,46,74,true,false,true,false,false,0,-1,9,0,-1,0,-1,false,false,0,12,6,true,0,1,false,4)
183:(42,true,true,false,false,false,false,46,74,true,false,true,false,false,0,-1,9,0,-1,0,-1,false,false,0,12,6,true,0,1,false,5)
184:(42,true,true,false,false,false,false,46,74,true,false,true,false,false,0,-1,9,0,-1,0,-1,false,false,0,12,6,true,0,4,false,1)
185:(42,true,true,false,false,false,false,46,74,true,false,true,false,false,0,-1,9,0,-1,0,-1,true,false,0,12,6,true,0,1,false,1)
186:(42,true,true,false,false,false,false,46,74,true,false,true,false,false,0,-1,9,0,-1,0,-1,true,false,0,12,6,true,0,1,false,4)
187:(42,true,true,false,false,false,false,46,74,true,false,true,false,false,0,-1,9,0,-1,0,-1,true,false,0,12,6,true,0,1,false,5)
188:(42,true,true,false,false,false,false,46,74,true,false,true,false,false,0,-1,9,0,-1,0,-1,true,false,0,12,6,true,0,4,false,1)
189:(42,true,true,false,false,false,false,46,86,true,true,true,false,false,0,-1,9,0,-1,0,-1,false,false,0,12,6,true,0,1,false,1)
190:(42,true,true,false,false,false,false,46,86,true,true,true,false,false,0,-1,9,0,-1,0,-1,false,false,0,12,6,true,0,1,false,4)
191:(42,true,true,false,false,false,false,46,86,true,true,true,false,false,0,-1,9,0,-1,0,-1,false,false,0,12,6,true,0,1,false,5)
192:(42,true,true,false,false,false,false,46,86,true,true,true,false,false,0,-1,9,0,-1,0,-1,false,false,0,12,6,true,0,4,false,1)
193:(42,true,true,false,false,false,true,34,74,true,true,true,false,false,0,-1,9,0,-1,0,-1,false,true,0,12,6,true,0,1,false,1)
194:(42,true,true,false,false,false,true,34,74,true,true,true,false,false,0,-1,9,0,-1,0,-1,false,true,0,12,6,true,0,1,false,4)
195:(42,true,true,false,false,false,true,34,74,true,true,true,false,false,0,-1,9,0,-1,0,-1,false,true,0,12,6,true,0,1,false,5)
196:(42,true,true,false,false,false,true,34,74,true,true,true,false,false,0,-1,9,0,-1,0,-1,false,true,0,12,6,true,0,4,false,1)
197:(54,true,false,false,false,false,false,58,98,true,true,true,false,false,0,-1,9,0,-1,0,-1,false,true,0,12,6,true,0,1,true,2)
198:(54,true,false,false,false,false,false,58,98,true,true,true,false,false,0,-1,9,0,-1,0,-1,false,true,0,12,6,true,0,1,true,3)
199:(54,true,false,false,false,false,false,58,98,true,true,true,false,false,0,-1,9,0,-1,0,-1,false,true,0,12,6,true,0,2,true,1)
200:(54,true,false,false,false,false,false,58,98,true,true,true,false,false,0,-1,9,0,-1,0,-1,false,true,0,12,6,true,0,3,true,1)
201:(54,true,false,false,false,true,false,58,98,true,true,true,false,false,0,-1,9,0,-1,0,-1,false,true,0,12,6,true,0,1,false,1)
202:(54,true,false,false,false,true,false,58,98,true,true,true,false,false,0,-1,9,0,-1,0,-1,false,true,0,12,6,true,0,1,false,2)
203:(54,true,false,false,false,true,false,58,98,true,true,true,false,false,0,-1,9,0,-1,0,-1,false,true,0,12,6,true,0,1,false,5)
204:(54,true,false,false,false,true,false,58,98,true,true,true,false,false,0,-1,9,0,-1,0,-1,false,true,0,12,6,true,0,2,false,1)
205:(54,true,false,false,true,false,false,58,98,true,true,true,false,false,0,-1,9,0,-1,0,-1,false,true,0,12,6,true,0,1,false,1)
206:(54,true,false,false,true,false,false,58,98,true,true,true,false,false,0,-1,9,0,-1,0,-1,false,true,0,12,6,true,0,1,false,2)
207:(54,true,false,false,true,false,false,58,98,true,true,true,false,false,0,-1,9,0,-1,0,-1,false,true,0,12,6,true,0,1,false,5)
208:(54,true,false,false,true,false,false,58,98,true,true,true,false,false,0,-1,9,0,-1,0,-1,false,true,0,12,6,true,0,2,false,1)
209:(54,true,false,true,false,false,false,58,98,true,true,true,false,false,0,-1,9,0,-1,0,-1,false,true,0,12,6,true,0,1,false,1)
210:(54,true,false,true,false,false,false,58,98,true,true,true,false,false,0,-1,9,0,-1,0,-1,false,true,0,12,6,true,0,1,false,2)
211:(54,true,false,true,false,false,false,58,98,true,true,true,false,false,0,-1,9,0,-1,0,-1,false,true,0,12,6,true,0,1,false,5)
212:(54,true,false,true,false,false,false,58,98,true,true,true,false,false,0,-1,9,0,-1,0,-1,false,true,0,12,6,true,0,2,false,1)
213:(54,true,true,false,false,false,false,46,86,false,false,false,false,false,0,-1,38,0,-1,0,-1,false,false,0,12,6,true,0,1,false,1)
214:(54,true,true,false,false,false,false,46,86,false,false,false,false,false,0,-1,38,0,-1,0,-1,false,false,0,12,6,true,0,1,false,2)
215:(54,true,true,false,false,false,false,46,86,false,false,false,false,false,0,-1,38,0,-1,0,-1,false,false,0,12,6,true,0,1,false,5)
216:(54,true,true,false,false,false,false,46,86,false,false,false,false,false,0,-1,38,0,-1,0,-1,false,false,0,12,6,true,0,2,false,1)
217:(54,true,true,false,false,false,false,58,86,true,false,false,false,false,0,-1,38,0,-1,0,-1,false,false,0,12,6,true,0,1,false,1)
218:(54,true,true,false,false,false,false,58,86,true,false,false,false,false,0,-1,38,0,-1,0,-1,false,false,0,12,6,true,0,1,false,2)
219:(54,true,true,false,false,false,false,58,86,true,false,false,false,false,0,-1,38,0,-1,0,-1,false,false,0,12,6,true,0,1,false,5)
220:(54,true,true,false,false,false,false,58,86,true,false,false,false,false,0,-1,38,0,-1,0,-1,false,false,0,12,6,true,0,2,false,1)
221:(54,true,true,false,false,false,false,58,86,true,false,true,false,false,0,-1,9,0,-1,0,-1,false,false,0,12,6,true,0,1,false,1)
222:(54,true,true,false,false,false,false,58,86,true,false,true,false,false,0,-1,9,0,-1,0,-1,false,false,0,12,6,true,0,1,false,2)
223:(54,true,true,false,false,false,false,58,86,true,false,true,false,false,0,-1,9,0,-1,0,-1,false,false,0,12,6,true,0,1,false,5)
224:(54,true,true,false,false,false,false,58,86,true,false,true,false,false,0,-1,9,0,-1,0,-1,false,false,0,12,6,true,0,2,false,1)
225:(54,true,true,false,false,false,false,58,86,true,false,true,false,false,0,-1,9,0,-1,0,-1,true,false,0,12,6,true,0,1,false,1)
226:(54,true,true,false,false,false,false,58,86,true,false,true,false,false,0,-1,9,0,-1,0,-1,true,false,0,12,6,true,0,1,false,2)
227:(54,true,true,false,false,false,false,58,86,true,false,true,false,false,0,-1,9,0,-1,0,-1,true,false,0,12,6,true,0,1,false,5)
228:(54,true,true,false,false,false,false,58,86,true,false,true,false,false,0,-1,9,0,-1,0,-1,true,false,0,12,6,true,0,2,false,1)
229:(54,true,true,false,false,false,false,58,98,true,true,true,false,false,0,-1,9,0,-1,0,-1,false,false,0,12,6,true,0,1,false,1)
230:(54,true,true,false,false,false,false,58,98,true,true,true,false,false,0,-1,9,0,-1,0,-1,false,false,0,12,6,true,0,1,false,2)
231:(54,true,true,false,false,false,false,58,98,true,true,true,false,false,0,-1,9,0,-1,0,-1,false,false,0,12,6,true,0,1,false,5)
232:(54,true,true,false,false,false,false,58,98,true,true,true,false,false,0,-1,9,0,-1,0,-1,false,false,0,12,6,true,0,2,false,1)
233:(54,true,true,false,false,false,true,46,86,true,true,true,false,false,0,-1,9,0,-1,0,-1,false,true,0,12,6,true,0,1,false,1)
234:(54,true,true,false,false,false,true,46,86,true,true,true,false,false,0,-1,9,0,-1,0,-1,false,true,0,12,6,true,0,1,false,2)
235:(54,true,true,false,false,false,true,46,86,true,true,true,false,false,0,-1,9,0,-1,0,-1,false,true,0,12,6,true,0,1,false,5)
236:(54,true,true,false,false,false,true,46,86,true,true,true,false,false,0,-1,9,0,-1,0,-1,false,true,0,12,6,true,0,2,false,1)
237:(66,true,false,false,false,false,false,70,110,true,true,true,false,false,0,-1,9,0,-1,0,-1,false,true,0,12,6,true,0,1,true,3)
238:(66,true,false,false,false,false,false,70,110,true,true,true,false,false,0,-1,9,0,-1,0,-1,false,true,0,12,6,true,0,1,true,4)
239:(66,true,false,false,false,false,false,70,110,true,true,true,false,false,0,-1,9,0,-1,0,-1,false,true,0,12,6,true,0,3,true,1)
240:(66,true,false,false,false,false,false,70,110,true,true,true,false,false,0,-1,9,0,-1,0,-1,false,true,0,12,6,true,0,3,true,2)
241:(66,true,false,false,false,true,false,70,110,true,true,true,false,false,0,-1,9,0,-1,0,-1,false,true,0,12,6,true,0,1,false,2)
242:(66,true,false,false,false,true,false,70,110,true,true,true,false,false,0,-1,9,0,-1,0,-1,false,true,0,12,6,true,0,1,false,3)
243:(66,true,false,false,false,true,false,70,110,true,true,true,false,false,0,-1,9,0,-1,0,-1,false,true,0,12,6,true,0,2,false,1)
244:(66,true,false,false,false,true,false,70,110,true,true,true,false,false,0,-1,9,0,-1,0,-1,false,true,0,12,6,true,0,3,false,1)
245:(66,true,false,false,true,false,false,70,110,true,true,true,false,false,0,-1,9,0,-1,0,-1,false,true,0,12,6,true,0,1,false,2)
246:(66,true,false,false,true,false,false,70,110,true,true,true,false,false,0,-1,9,0,-1,0,-1,false,true,0,12,6,true,0,1,false,3)
247:(66,true,false,false,true,false,false,70,110,true,true,true,false,false,0,-1,9,0,-1,0,-1,false,true,0,12,6,true,0,2,false,1)
248:(66,true,false,false,true,false,false,70,110,true,true,true,false,false,0,-1,9,0,-1,0,-1,false,true,0,12,6,true,0,3,false,1)
249:(66,true,false,true,false,false,false,70,110,true,true,true,false,false,0,-1,9,0,-1,0,-1,false,true,0,12,6,true,0,1,false,2)
250:(66,true,false,true,false,false,false,70,110,true,true,true,false,false,0,-1,9,0,-1,0,-1,false,true,0,12,6,true,0,1,false,3)
251:(66,true,false,true,false,false,false,70,110,true,true,true,false,false,0,-1,9,0,-1,0,-1,false,true,0,12,6,true,0,2,false,1)
252:(66,true,false,true,false,false,false,70,110,true,true,true,false,false,0,-1,9,0,-1,0,-1,false,true,0,12,6,true,0,3,false,1)
253:(66,true,true,false,false,false,false,58,98,false,false,false,false,false,0,-1,38,0,-1,0,-1,false,false,0,12,6,true,0,1,false,2)
254:(66,true,true,false,false,false,false,58,98,false,false,false,false,false,0,-1,38,0,-1,0,-1,false,false,0,12,6,true,0,1,false,3)
255:(66,true,true,false,false,false,false,58,98,false,false,false,false,false,0,-1,38,0,-1,0,-1,false,false,0,12,6,true,0,2,false,1)
256:(66,true,true,false,false,false,false,58,98,false,false,false,false,false,0,-1,38,0,-1,0,-1,false,false,0,12,6,true,0,3,false,1)
257:(66,true,true,false,false,false,false,70,98,true,false,false,false,false,0,-1,38,0,-1,0,-1,false,false,0,12,6,true,0,1,false,2)
258:(66,true,true,false,false,false,false,70,98,true,false,false,false,false,0,-1,38,0,-1,0,-1,false,false,0,12,6,true,0,1,false,3)
259:(66,true,true,false,false,false,false,70,98,true,false,false,false,false,0,-1,38,0,-1,0,-1,false,false,0,12,6,true,0,2,false,1)
260:(66,true,true,false,false,false,false,70,98,true,false,false,false,false,0,-1,38,0,-1,0,-1,false,false,0,12,6,true,0,3,false,1)
261:(66,true,true,false,false,false,false,70,98,true,false,true,false,false,0,-1,9,0,-1,0,-1,false,false,0,12,6,true,0,1,false,2)
262:(66,true,true,false,false,false,false,70,98,true,false,true,false,false,0,-1,9,0,-1,0,-1,false,false,0,12,6,true,0,1,false,3)
263:(66,true,true,false,false,false,false,70,98,true,false,true,false,false,0,-1,9,0,-1,0,-1,false,false,0,12,6,true,0,2,false,1)
264:(66,true,true,false,false,false,false,70,98,true,false,true,false,false,0,-1,9,0,-1,0,-1,false,false,0,12,6,true,0,3,false,1)
265:(66,true,true,false,false,false,false,70,98,true,false,true,false,false,0,-1,9,0,-1,0,-1,true,false,0,12,6,true,0,1,false,2)
266:(66,true,true,false,false,false,false,70,98,true,false,true,false,false,0,-1,9,0,-1,0,-1,true,false,0,12,6,true,0,1,false,3)
267:(66,true,true,false,false,false,false,70,98,true,false,true,false,false,0,-1,9,0,-1,0,-1,true,false,0,12,6,true,0,2,false,1)
268:(66,true,true,false,false,false,false,70,98,true,false,true,false,false,0,-1,9,0,-1,0,-1,true,false,0,12,6,true,0,3,false,1)
269:(66,true,true,false,false,false,false,70,110,true,true,true,false,false,0,-1,9,0,-1,0,-1,false,false,0,12,6,true,0,1,false,2)
270:(66,true,true,false,false,false,false,70,110,true,true,true,false,false,0,-1,9,0,-1,0,-1,false,false,0,12,6,true,0,1,false,3)
271:(66,true,true,false,false,false,false,70,110,true,true,true,false,false,0,-1,9,0,-1,0,-1,false,false,0,12,6,true,0,2,false,1)
272:(66,true,true,false,false,false,false,70,110,true,true,true,false,false,0,-1,9,0,-1,0,-1,false,false,0,12,6,true,0,3,false,1)
273:(66,true,true,false,false,false,true,58,98,true,true,true,false,false,0,-1,9,0,-1,0,-1,false,true,0,12,6,true,0,1,false,2)
274:(66,true,true,false,false,false,true,58,98,true,true,true,false,false,0,-1,9,0,-1,0,-1,false,true,0,12,6,true,0,1,false,3)
275:(66,true,true,false,false,false,true,58,98,true,true,true,false,false,0,-1,9,0,-1,0,-1,false,true,0,12,6,true,0,2,false,1)
276:(66,true,true,false,false,false,true,58,98,true,true,true,false,false,0,-1,9,0,-1,0,-1,false,true,0,12,6,true,0,3,false,1)
277:(78,true,false,false,false,false,false,82,122,true,true,true,false,false,1,43,9,0,-1,0,-1,false,true,3,8,2,true,0,1,true,4)
278:(78,true,false,false,false,false,false,82,122,true,true,true,false,false,1,43,9,0,-1,0,-1,false,true,3,8,2,true,0,1,true,5)
279:(78,true,false,false,false,false,false,82,122,true,true,true,false,false,3,43,9,0,-1,0,-1,false,true,0,12,6,true,0,3,true,2)
280:(78,true,false,false,false,false,false,82,122,true,true,true,false,false,3,43,9,0,-1,0,-1,false,true,0,12,6,true,0,3,true,3)
281:(78,true,false,false,false,true,false,82,122,true,true,true,false,false,1,43,9,0,-1,0,-1,false,true,3,8,2,true,0,1,false,3)
282:(78,true,false,false,false,true,false,82,122,true,true,true,false,false,1,43,9,0,-1,0,-1,false,true,3,8,2,true,0,1,false,4)
283:(78,true,false,false,false,true,false,82,122,true,true,true,false,false,3,43,9,0,-1,0,-1,false,true,0,12,6,true,0,3,false,1)
284:(78,true,false,false,false,true,false,82,122,true,true,true,false,false,3,43,9,0,-1,0,-1,false,true,0,12,6,true,0,3,false,2)
285:(78,true,false,false,true,false,false,82,122,true,true,true,false,false,1,43,9,0,-1,0,-1,false,true,3,12,6,true,0,1,false,3)
286:(78,true,false,false,true,false,false,82,122,true,true,true,false,false,1,43,9,0,-1,0,-1,false,true,3,12,6,true,0,1,false,4)
287:(78,true,false,false,true,false,false,82,122,true,true,true,false,false,3,43,9,0,-1,0,-1,false,true,0,12,6,true,0,3,false,1)
288:(78,true,false,false,true,false,false,82,122,true,true,true,false,false,3,43,9,0,-1,0,-1,false,true,0,12,6,true,0,3,false,2)
289:(78,true,false,true,false,false,false,82,122,true,true,true,false,false,1,43,9,0,-1,0,-1,false,true,0,12,6,true,0,1,false,3)
290:(78,true,false,true,false,false,false,82,122,true,true,true,false,false,1,43,9,0,-1,0,-1,false,true,0,12,6,true,0,1,false,4)
291:(78,true,false,true,false,false,false,82,122,true,true,true,false,false,3,43,9,0,-1,0,-1,false,true,0,12,6,true,0,3,false,1)
292:(78,true,false,true,false,false,false,82,122,true,true,true,false,false,3,43,9,0,-1,0,-1,false,true,0,12,6,true,0,3,false,2)
293:(78,true,true,false,false,false,false,70,110,false,false,false,false,false,0,-1,38,0,-1,0,-1,false,false,0,12,6,true,0,1,false,3)
294:(78,true,true,false,false,false,false,70,110,false,false,false,false,false,0,-1,38,0,-1,0,-1,false,false,0,12,6,true,0,1,false,4)
295:(78,true,true,false,false,false,false,70,110,false,false,false,false,false,0,-1,38,0,-1,0,-1,false,false,0,12,6,true,0,3,false,1)
296:(78,true,true,false,false,false,false,70,110,false,false,false,false,false,0,-1,38,0,-1,0,-1,false,false,0,12,6,true,0,3,false,2)
297:(78,true,true,false,false,false,false,82,110,true,false,false,false,false,0,-1,38,0,-1,0,-1,false,false,0,12,6,true,0,1,false,3)
298:(78,true,true,false,false,false,false,82,110,true,false,false,false,false,0,-1,38,0,-1,0,-1,false,false,0,12,6,true,0,1,false,4)
299:(78,true,true,false,false,false,false,82,110,true,false,false,false,false,0,-1,38,0,-1,0,-1,false,false,0,12,6,true,0,3,false,1)
300:(78,true,true,false,false,false,false,82,110,true,false,false,false,false,0,-1,38,0,-1,0,-1,false,false,0,12,6,true,0,3,false,2)
301:(78,true,true,false,false,false,false,82,110,true,false,true,false,false,0,-1,9,0,-1,0,-1,false,false,0,12,6,true,0,1,false,3)
302:(78,true,true,false,false,false,false,82,110,true,false,true,false,false,0,-1,9,0,-1,0,-1,false,false,0,12,6,true,0,1,false,4)
303:(78,true,true,false,false,false,false,82,110,true,false,true,false,false,0,-1,9,0,-1,0,-1,false,false,0,12,6,true,0,3,false,1)
304:(78,true,true,false,false,false,false,82,110,true,false,true,false,false,0,-1,9,0,-1,0,-1,false,false,0,12,6,true,0,3,false,2)
305:(78,true,true,false,false,false,false,82,110,true,false,true,false,false,0,-1,9,0,-1,0,-1,true,false,0,12,6,true,0,1,false,3)
306:(78,true,true,false,false,false,false,82,110,true,false,true,false,false,0,-1,9,0,-1,0,-1,true,false,0,12,6,true,0,1,false,4)
307:(78,true,true,false,false,false,false,82,110,true,false,true,false,false,0,-1,9,0,-1,0,-1,true,false,0,12,6,true,0,3,false,1)
308:(78,true,true,false,false,false,false,82,110,true,false,true,false,false,0,-1,9,0,-1,0,-1,true,false,0,12,6,true,0,3,false,2)
309:(78,true,true,false,false,false,false,82,122,true,true,true,false,false,0,-1,9,0,-1,0,-1,false,false,0,12,6,true,0,1,false,3)
310:(78,true,true,false,false,false,false,82,122,true,true,true,false,false,0,-1,9,0,-1,0,-1,false,false,0,12,6,true,0,1,false,4)
311:(78,true,true,false,false,false,false,82,122,true,true,true,false,false,0,-1,9,0,-1,0,-1,false,false,0,12,6,true,0,3,false,1)
312:(78,true,true,false,false,false,false,82,122,true,true,true,false,false,0,-1,9,0,-1,0,-1,false,false,0,12,6,true,0,3,false,2)
313:(78,true,true,false,false,false,true,70,110,true,true,true,false,false,0,-1,9,0,-1,0,-1,false,true,0,12,6,true,0,1,false,3)
314:(78,true,true,false,false,false,true,70,110,true,true,true,false,false,0,-1,9,0,-1,0,-1,false,true,0,12,6,true,0,1,false,4)
315:(78,true,true,false,false,false,true,70,110,true,true,true,false,false,0,-1,9,0,-1,0,-1,false,true,0,12,6,true,0,3,false,1)
316:(78,true,true,false,false,false,true,70,110,true,true,true,false,false,0,-1,9,0,-1,0,-1,false,true,0,12,6,true,0,3,false,2)
317:(86,true,false,false,false,false,false,90,130,true,true,true,false,false,1,35,9,1,35,0,-1,false,true,0,4,2,true,0,1,true,5)
318:(86,true,false,false,false,false,false,90,130,true,true,true,false,false,1,35,9,1,35,0,-1,false,true,0,4,2,true,0,2,true,1)
319:(86,true,false,false,false,true,false,90,130,true,true,true,false,false,1,35,9,1,35,0,-1,false,true,0,4,2,true,0,1,false,4)
320:(86,true,false,false,false,true,false,90,130,true,true,true,false,false,1,35,9,1,35,0,-1,false,true,0,4,2,true,0,1,false,5)
321:(86,true,false,false,true,false,false,90,130,true,true,true,false,false,1,35,9,1,35,0,-1,false,true,0,8,2,true,0,1,false,4)
322:(86,true,false,false,true,false,false,90,130,true,true,true,false,false,1,35,9,1,35,0,-1,false,true,0,8,2,true,0,1,false,5)
323:(86,true,false,true,false,false,false,90,130,true,true,true,false,false,1,35,9,1,35,0,-1,false,true,3,8,2,true,0,1,false,4)
324:(86,true,false,true,false,false,false,90,130,true,true,true,false,false,1,35,9,1,35,0,-1,false,true,3,8,2,true,0,1,false,5)
325:(86,true,true,false,false,false,false,82,122,false,false,false,false,false,0,-1,38,1,35,0,-1,false,false,3,8,2,true,0,1,false,4)
326:(86,true,true,false,false,false,false,82,122,false,false,false,false,false,0,-1,38,1,35,0,-1,false,false,3,8,2,true,0,1,false,5)
327:(86,true,true,false,false,false,false,90,122,true,false,false,false,false,0,-1,38,1,35,0,-1,false,false,3,8,2,true,0,1,false,4)
328:(86,true,true,false,false,false,false,90,122,true,false,false,false,false,0,-1,38,1,35,0,-1,false,false,3,8,2,true,0,1,false,5)
329:(86,true,true,false,false,false,false,90,122,true,false,true,false,false,0,-1,9,1,35,0,-1,false,false,3,8,2,true,0,1,false,4)
330:(86,true,true,false,false,false,false,90,122,true,false,true,false,false,0,-1,9,1,35,0,-1,false,false,3,8,2,true,0,1,false,5)
331:(86,true,true,false,false,false,false,90,122,true,false,true,false,false,0,-1,9,1,35,0,-1,true,false,3,8,2,true,0,1,false,4)
332:(86,true,true,false,false,false,false,90,122,true,false,true,false,false,0,-1,9,1,35,0,-1,true,false,3,8,2,true,0,1,false,5)
333:(86,true,true,false,false,false,false,90,130,true,true,true,false,false,0,-1,9,1,35,0,-1,false,false,3,8,2,true,0,1,false,4)
334:(86,true,true,false,false,false,false,90,130,true,true,true,false,false,0,-1,9,1,35,0,-1,false,false,3,8,2,true,0,1,false,5)
335:(86,true,true,false,false,false,true,82,122,true,true,true,false,false,1,43,9,0,-1,0,-1,false,true,3,8,2,true,0,1,false,4)
336:(86,true,true,false,false,false,true,82,122,true,true,true,false,false,1,43,9,0,-1,0,-1,false,true,3,8,2,true,0,1,false,5)
337:(90,true,false,false,false,false,false,94,134,true,true,true,false,false,1,31,9,1,31,1,31,false,true,0,4,2,true,0,2,true,1)
338:(90,true,false,false,false,false,false,94,134,true,true,true,false,false,2,31,9,1,31,1,31,false,true,1,10,8,true,0,3,true,1)
339:(90,true,false,false,false,false,false,94,134,true,true,true,false,false,3,31,9,3,31,0,-1,false,true,0,12,6,true,0,3,true,3)
340:(90,true,false,false,false,false,false,94,134,true,true,true,false,false,3,31,9,3,31,0,-1,false,true,0,12,6,true,0,4,true,1)
341:(90,true,false,false,false,true,false,94,134,true,true,true,false,false,1,31,9,1,31,1,31,false,true,0,4,2,true,0,1,false,5)
342:(90,true,false,false,false,true,false,94,134,true,true,true,false,false,2,31,9,1,31,1,31,false,true,1,10,8,true,0,2,false,1)
343:(90,true,false,false,false,true,false,94,134,true,true,true,false,false,3,31,9,3,31,0,-1,false,true,0,12,6,true,0,3,false,2)
344:(90,true,false,false,false,true,false,94,134,true,true,true,false,false,3,31,9,3,31,0,-1,false,true,0,12,6,true,0,3,false,3)
345:(90,true,false,false,true,false,false,94,134,true,true,true,false,false,1,31,9,1,31,1,31,false,true,0,4,2,true,0,1,false,5)
346:(90,true,false,false,true,false,false,94,134,true,true,true,false,false,2,31,9,1,31,1,31,false,true,1,4,2,true,0,2,false,1)
347:(90,true,false,false,true,false,false,94,134,true,true,true,false,false,3,31,9,3,31,0,-1,false,true,0,12,6,true,0,3,false,2)
348:(90,true,false,false,true,false,false,94,134,true,true,true,false,false,3,31,9,3,31,0,-1,false,true,0,12,6,true,0,3,false,3)
349:(90,true,false,true,false,false,false,94,134,true,true,true,false,false,1,31,9,1,31,1,31,false,true,0,4,2,true,0,1,false,5)
350:(90,true,false,true,false,false,false,94,134,true,true,true,false,false,2,31,9,1,31,1,31,false,true,0,4,2,true,0,2,false,1)
351:(90,true,false,true,false,false,false,94,134,true,true,true,false,false,3,31,9,3,31,0,-1,false,true,0,12,6,true,0,3,false,2)
352:(90,true,false,true,false,false,false,94,134,true,true,true,false,false,3,31,9,3,31,0,-1,false,true,0,12,6,true,0,3,false,3)
353:(90,true,true,false,false,false,false,82,122,false,false,false,false,false,0,-1,38,3,31,0,-1,false,false,0,12,6,true,0,3,false,2)
354:(90,true,true,false,false,false,false,82,122,false,false,false,false,false,0,-1,38,3,31,0,-1,false,false,0,12,6,true,0,3,false,3)
355:(90,true,true,false,false,false,false,90,130,false,false,false,false,false,0,-1,38,1,31,1,31,false,false,0,4,2,true,0,1,false,5)
356:(90,true,true,false,false,false,false,90,130,false,false,false,false,false,0,-1,38,1,31,1,31,false,false,0,4,2,true,0,2,false,1)
357:(90,true,true,false,false,false,false,94,122,true,false,false,false,false,0,-1,38,3,31,0,-1,false,false,0,12,6,true,0,3,false,2)
358:(90,true,true,false,false,false,false,94,122,true,false,false,false,false,0,-1,38,3,31,0,-1,false,false,0,12,6,true,0,3,false,3)
359:(90,true,true,false,false,false,false,94,122,true,false,true,false,false,0,-1,9,3,31,0,-1,false,false,0,12,6,true,0,3,false,2)
360:(90,true,true,false,false,false,false,94,122,true,false,true,false,false,0,-1,9,3,31,0,-1,false,false,0,12,6,true,0,3,false,3)
361:(90,true,true,false,false,false,false,94,122,true,false,true,false,false,0,-1,9,3,31,0,-1,true,false,0,12,6,true,0,3,false,2)
362:(90,true,true,false,false,false,false,94,122,true,false,true,false,false,0,-1,9,3,31,0,-1,true,false,0,12,6,true,0,3,false,3)
363:(90,true,true,false,false,false,false,94,130,true,false,false,false,false,0,-1,38,1,31,1,31,false,false,0,4,2,true,0,1,false,5)
364:(90,true,true,false,false,false,false,94,130,true,false,false,false,false,0,-1,38,1,31,1,31,false,false,0,4,2,true,0,2,false,1)
365:(90,true,true,false,false,false,false,94,130,true,false,true,false,false,0,-1,9,1,31,1,31,false,false,0,4,2,true,0,1,false,5)
366:(90,true,true,false,false,false,false,94,130,true,false,true,false,false,0,-1,9,1,31,1,31,false,false,0,4,2,true,0,2,false,1)
367:(90,true,true,false,false,false,false,94,130,true,false,true,false,false,0,-1,9,1,31,1,31,true,false,0,4,2,true,0,1,false,5)
368:(90,true,true,false,false,false,false,94,130,true,false,true,false,false,0,-1,9,1,31,1,31,true,false,0,4,2,true,0,2,false,1)
369:(90,true,true,false,false,false,false,94,134,true,true,true,false,false,0,-1,9,1,31,1,31,false,false,0,4,2,true,0,1,false,5)
370:(90,true,true,false,false,false,false,94,134,true,true,true,false,false,0,-1,9,1,31,1,31,false,false,0,4,2,true,0,2,false,1)
371:(90,true,true,false,false,false,false,94,134,true,true,true,false,false,0,-1,9,3,31,0,-1,false,false,0,12,6,true,0,3,false,2)
372:(90,true,true,false,false,false,false,94,134,true,true,true,false,false,0,-1,9,3,31,0,-1,false,false,0,12,6,true,0,3,false,3)
373:(90,true,true,false,false,false,true,82,122,true,true,true,false,false,3,43,9,0,-1,0,-1,false,true,0,12,6,true,0,3,false,2)
374:(90,true,true,false,false,false,true,82,122,true,true,true,false,false,3,43,9,0,-1,0,-1,false,true,0,12,6,true,0,3,false,3)
375:(90,true,true,false,false,false,true,90,130,true,true,true,false,false,1,35,9,1,35,0,-1,false,true,0,4,2,true,0,1,false,5)
376:(90,true,true,false,false,false,true,90,130,true,true,true,false,false,1,35,9,1,35,0,-1,false,true,0,4,2,true,0,2,false,1)
377:(94,true,false,false,false,false,false,98,138,true,true,true,false,false,2,27,9,1,27,1,27,false,true,1,10,8,true,0,3,true,1)
378:(94,true,false,false,false,true,false,98,138,true,true,true,false,false,2,27,9,1,27,1,27,false,true,1,10,8,true,0,2,false,1)
379:(94,true,false,false,true,false,false,98,138,true,true,true,false,false,2,27,9,1,27,1,27,false,true,1,4,2,true,0,2,false,1)
380:(94,true,false,true,false,false,false,98,138,true,true,true,false,false,2,27,9,1,27,1,27,false,true,0,4,2,true,0,2,false,1)
381:(94,true,true,false,false,false,false,94,134,false,false,false,false,false,0,-1,38,1,27,1,27,false,false,0,4,2,true,0,2,false,1)
382:(94,true,true,false,false,false,false,98,134,true,false,false,false,false,0,-1,38,1,27,1,27,false,false,0,4,2,true,0,2,false,1)
383:(94,true,true,false,false,false,false,98,134,true,false,true,false,false,0,-1,9,1,27,1,27,false,false,0,4,2,true,0,2,false,1)
384:(94,true,true,false,false,false,false,98,134,true,false,true,false,false,0,-1,9,1,27,1,27,true,false,0,4,2,true,0,2,false,1)
385:(94,true,true,false,false,false,false,98,138,true,true,true,false,false,0,-1,9,1,27,1,27,false,false,0,4,2,true,0,2,false,1)
386:(94,true,true,false,false,false,true,94,134,true,true,true,false,false,1,31,9,1,31,1,31,false,true,0,4,2,true,0,2,false,1)
387:(100,true,false,false,false,false,false,104,144,true,true,true,false,false,3,21,9,2,21,1,21,false,true,0,16,8,true,0,3,true,2)
388:(100,true,false,false,false,true,false,104,144,true,true,true,false,false,3,21,9,2,21,1,21,false,true,0,16,8,true,0,3,false,1)
389:(100,true,false,false,true,false,false,104,144,true,true,true,false,false,3,21,9,2,21,1,21,false,true,0,10,8,true,0,3,false,1)
390:(100,true,false,true,false,false,false,104,144,true,true,true,false,false,3,21,9,2,21,1,21,false,true,1,10,8,true,0,3,false,1)
391:(100,true,true,false,false,false,false,94,134,false,false,false,false,false,0,-1,38,2,21,1,21,false,false,1,10,8,true,0,3,false,1)
392:(100,true,true,false,false,false,false,104,134,true,false,false,false,false,0,-1,38,2,21,1,21,false,false,1,10,8,true,0,3,false,1)
393:(100,true,true,false,false,false,false,104,134,true,false,true,false,false,0,-1,9,2,21,1,21,false,false,1,10,8,true,0,3,false,1)
394:(100,true,true,false,false,false,false,104,134,true,false,true,false,false,0,-1,9,2,21,1,21,true,false,1,10,8,true,0,3,false,1)
395:(100,true,true,false,false,false,false,104,144,true,true,true,false,false,0,-1,9,2,21,1,21,false,false,1,10,8,true,0,3,false,1)
396:(100,true,true,false,false,false,true,94,134,true,true,true,false,false,2,31,9,1,31,1,31,false,true,1,10,8,true,0,3,false,1)
397:(102,true,false,false,false,false,false,106,146,true,true,true,false,false,3,19,9,3,19,3,19,false,true,0,12,6,true,0,4,true,1)
398:(102,true,false,false,false,false,false,106,146,true,true,true,false,false,4,19,9,3,19,3,19,false,true,3,8,2,true,0,1,true,1)
399:(102,true,false,false,false,true,false,106,146,true,true,true,false,false,3,19,9,3,19,3,19,false,true,0,12,6,true,0,3,false,3)
400:(102,true,false,false,false,true,false,106,146,true,true,true,false,false,4,19,9,3,19,3,19,false,true,3,8,2,true,0,4,false,1)
401:(102,true,false,false,true,false,false,106,146,true,true,true,false,false,3,19,9,3,19,3,19,false,true,0,12,6,true,0,3,false,3)
402:(102,true,false,false,true,false,false,106,146,true,true,true,false,false,4,19,9,3,19,3,19,false,true,3,12,6,true,0,4,false,1)
403:(102,true,false,true,false,false,false,106,146,true,true,true,false,false,3,19,9,3,19,3,19,false,true,0,12,6,true,0,3,false,3)
404:(102,true,false,true,false,false,false,106,146,true,true,true,false,false,4,19,9,3,19,3,19,false,true,0,12,6,true,0,4,false,1)
405:(102,true,true,false,false,false,false,94,134,false,false,false,false,false,0,-1,38,3,19,3,19,false,false,0,12,6,true,0,3,false,3)
406:(102,true,true,false,false,false,false,94,134,false,false,false,false,false,0,-1,38,3,19,3,19,false,false,0,12,6,true,0,4,false,1)
407:(102,true,true,false,false,false,false,106,134,true,false,false,false,false,0,-1,38,3,19,3,19,false,false,0,12,6,true,0,3,false,3)
408:(102,true,true,false,false,false,false,106,134,true,false,false,false,false,0,-1,38,3,19,3,19,false,false,0,12,6,true,0,4,false,1)
409:(102,true,true,false,false,false,false,106,134,true,false,true,false,false,0,-1,9,3,19,3,19,false,false,0,12,6,true,0,3,false,3)
410:(102,true,true,false,false,false,false,106,134,true,false,true,false,false,0,-1,9,3,19,3,19,false,false,0,12,6,true,0,4,false,1)
411:(102,true,true,false,false,false,false,106,134,true,false,true,false,false,0,-1,9,3,19,3,19,true,false,0,12,6,true,0,3,false,3)
412:(102,true,true,false,false,false,false,106,134,true,false,true,false,false,0,-1,9,3,19,3,19,true,false,0,12,6,true,0,4,false,1)
413:(102,true,true,false,false,false,false,106,146,true,true,true,false,false,0,-1,9,3,19,3,19,false,false,0,12,6,true,0,3,false,3)
414:(102,true,true,false,false,false,false,106,146,true,true,true,false,false,0,-1,9,3,19,3,19,false,false,0,12,6,true,0,4,false,1)
415:(102,true,true,false,false,false,true,94,134,true,true,true,false,false,3,31,9,3,31,0,-1,false,true,0,12,6,true,0,3,false,3)
416:(102,true,true,false,false,false,true,94,134,true,true,true,false,false,3,31,9,3,31,0,-1,false,true,0,12,6,true,0,4,false,1)
417:(104,true,false,false,false,false,false,108,148,true,true,true,false,false,3,17,9,2,17,1,17,false,true,0,16,8,true,0,3,true,2)
418:(104,true,false,false,false,true,false,108,148,true,true,true,false,false,3,17,9,2,17,1,17,false,true,0,16,8,true,0,3,false,1)
419:(104,true,false,false,true,false,false,108,148,true,true,true,false,false,3,17,9,2,17,1,17,false,true,0,10,8,true,0,3,false,1)
420:(104,true,false,true,false,false,false,108,148,true,true,true,false,false,3,17,9,2,17,1,17,false,true,1,10,8,true,0,3,false,1)
421:(104,true,true,false,false,false,false,98,138,false,false,false,false,false,0,-1,38,2,17,1,17,false,false,1,10,8,true,0,3,false,1)
422:(104,true,true,false,false,false,false,108,138,true,false,false,false,false,0,-1,38,2,17,1,17,false,false,1,10,8,true,0,3,false,1)
423:(104,true,true,false,false,false,false,108,138,true,false,true,false,false,0,-1,9,2,17,1,17,false,false,1,10,8,true,0,3,false,1)
424:(104,true,true,false,false,false,false,108,138,true,false,true,false,false,0,-1,9,2,17,1,17,true,false,1,10,8,true,0,3,false,1)
425:(104,true,true,false,false,false,false,108,148,true,true,true,false,false,0,-1,9,2,17,1,17,false,false,1,10,8,true,0,3,false,1)
426:(104,true,true,false,false,false,true,98,138,true,true,true,false,false,2,27,9,1,27,1,27,false,true,1,10,8,true,0,3,false,1)
427:(110,true,false,false,false,false,false,114,154,true,true,true,false,false,1,11,9,4,11,3,11,false,true,0,4,2,true,0,1,true,2)
428:(110,true,false,false,false,true,false,114,154,true,true,true,false,false,1,11,9,4,11,3,11,false,true,0,4,2,true,0,1,false,1)
429:(110,true,false,false,true,false,false,114,154,true,true,true,false,false,1,11,9,4,11,3,11,false,true,0,8,2,true,0,1,false,1)
430:(110,true,false,true,false,false,false,114,154,true,true,true,false,false,1,11,9,4,11,3,11,false,true,3,8,2,true,0,1,false,1)
431:(110,true,true,false,false,false,false,106,146,false,false,false,false,false,0,-1,38,4,11,3,11,false,false,3,8,2,true,0,1,false,1)
432:(110,true,true,false,false,false,false,114,146,true,false,false,false,false,0,-1,38,4,11,3,11,false,false,3,8,2,true,0,1,false,1)
433:(110,true,true,false,false,false,false,114,146,true,false,true,false,false,0,-1,9,4,11,3,11,false,false,3,8,2,true,0,1,false,1)
434:(110,true,true,false,false,false,false,114,146,true,false,true,false,false,0,-1,9,4,11,3,11,true,false,3,8,2,true,0,1,false,1)
435:(110,true,true,false,false,false,false,114,154,true,true,true,false,false,0,-1,9,4,11,3,11,false,false,3,8,2,true,0,1,false,1)
436:(110,true,true,false,false,false,true,106,146,true,true,true,false,false,4,19,9,3,19,3,19,false,true,3,8,2,true,0,1,false,1)
437:(114,true,false,false,false,false,false,118,158,true,true,true,false,false,1,7,9,1,7,4,7,false,true,0,4,2,true,0,1,true,3)
438:(114,true,false,false,false,false,false,118,158,true,true,true,false,false,4,7,9,3,7,3,7,false,true,3,8,2,true,0,1,true,1)
439:(114,true,false,false,false,true,false,118,158,true,true,true,false,false,1,7,9,1,7,4,7,false,true,0,4,2,true,0,1,false,2)
440:(114,true,false,false,false,true,false,118,158,true,true,true,false,false,4,7,9,3,7,3,7,false,true,3,8,2,true,0,4,false,1)
441:(114,true,false,false,true,false,false,118,158,true,true,true,false,false,1,7,9,1,7,4,7,false,true,0,4,2,true,0,1,false,2)
442:(114,true,false,false,true,false,false,118,158,true,true,true,false,false,4,7,9,3,7,3,7,false,true,3,12,6,true,0,4,false,1)
443:(114,true,false,true,false,false,false,118,158,true,true,true,false,false,1,7,9,1,7,4,7,false,true,0,4,2,true,0,1,false,2)
444:(114,true,false,true,false,false,false,118,158,true,true,true,false,false,4,7,9,3,7,3,7,false,true,0,12,6,true,0,4,false,1)
445:(114,true,true,false,false,false,false,106,146,false,false,false,false,false,0,-1,38,3,7,3,7,false,false,0,12,6,true,0,4,false,1)
446:(114,true,true,false,false,false,false,114,154,false,false,false,false,false,0,-1,38,1,7,4,7,false,false,0,4,2,true,0,1,false,2)
447:(114,true,true,false,false,false,false,118,146,true,false,false,false,false,0,-1,38,3,7,3,7,false,false,0,12,6,true,0,4,false,1)
448:(114,true,true,false,false,false,false,118,146,true,false,true,false,false,0,-1,9,3,7,3,7,false,false,0,12,6,true,0,4,false,1)
449:(114,true,true,false,false,false,false,118,146,true,false,true,false,false,0,-1,9,3,7,3,7,true,false,0,12,6,true,0,4,false,1)
450:(114,true,true,false,false,false,false,118,154,true,false,false,false,false,0,-1,38,1,7,4,7,false,false,0,4,2,true,0,1,false,2)
451:(114,true,true,false,false,false,false,118,154,true,false,true,false,false,0,-1,9,1,7,4,7,false,false,0,4,2,true,0,1,false,2)
452:(114,true,true,false,false,false,false,118,154,true,false,true,false,false,0,-1,9,1,7,4,7,true,false,0,4,2,true,0,1,false,2)
453:(114,true,true,false,false,false,false,118,158,true,true,true,false,false,0,-1,9,1,7,4,7,false,false,0,4,2,true,0,1,false,2)
454:(114,true,true,false,false,false,false,118,158,true,true,true,false,false,0,-1,9,3,7,3,7,false,false,0,12,6,true,0,4,false,1)
455:(114,true,true,false,false,false,true,106,146,true,true,true,false,false,3,19,9,3,19,3,19,false,true,0,12,6,true,0,4,false,1)
456:(114,true,true,false,false,false,true,114,154,true,true,true,false,false,1,11,9,4,11,3,11,false,true,0,4,2,true,0,1,false,2)
457:(116,true,false,false,false,false,false,120,160,true,true,true,false,false,3,5,9,3,5,2,5,false,true,0,16,8,true,0,3,true,3)
458:(116,true,false,false,false,true,false,120,160,true,true,true,false,false,3,5,9,3,5,2,5,false,true,0,16,8,true,0,3,false,2)
459:(116,true,false,false,true,false,false,120,160,true,true,true,false,false,3,5,9,3,5,2,5,false,true,0,16,8,true,0,3,false,2)
460:(116,true,false,true,false,false,false,120,160,true,true,true,false,false,3,5,9,3,5,2,5,false,true,0,16,8,true,0,3,false,2)
461:(116,true,true,false,false,false,false,104,144,false,false,false,false,false,0,-1,38,3,5,2,5,false,false,0,16,8,true,0,3,false,2)
462:(116,true,true,false,false,false,false,120,144,true,false,false,false,false,0,-1,38,3,5,2,5,false,false,0,16,8,true,0,3,false,2)
463:(116,true,true,false,false,false,false,120,144,true,false,true,false,false,0,-1,9,3,5,2,5,false,false,0,16,8,true,0,3,false,2)
464:(116,true,true,false,false,false,false,120,144,true,false,true,false,false,0,-1,9,3,5,2,5,true,false,0,16,8,true,0,3,false,2)
465:(116,true,true,false,false,false,false,120,160,true,true,true,false,false,0,-1,9,3,5,2,5,false,false,0,16,8,true,0,3,false,2)
466:(116,true,true,false,false,false,true,104,144,true,true,true,false,false,3,21,9,2,21,1,21,false,true,0,16,8,true,0,3,false,2)
467:(118,true,false,false,false,false,false,122,158,true,false,true,false,false,1,3,9,1,3,1,3,true,false,3,0,0,true,0,1,true,4)
468:(118,true,false,false,false,false,false,122,158,true,false,true,false,false,1,3,9,1,3,1,3,true,false,3,0,0,true,0,1,true,5)
469:(118,true,false,false,false,false,false,122,158,true,false,true,false,false,1,3,9,1,3,1,3,true,false,3,0,0,true,0,2,true,1)
470:(118,true,false,false,false,false,false,122,162,true,true,true,false,false,2,3,9,1,3,1,3,false,true,1,6,6,true,0,3,true,1)
471:(118,true,false,false,false,true,false,122,158,true,false,true,false,false,1,3,9,1,3,1,3,true,false,3,0,0,true,0,1,false,3)
472:(118,true,false,false,false,true,false,122,158,true,false,true,false,false,1,3,9,1,3,1,3,true,false,3,0,0,true,0,1,false,4)
473:(118,true,false,false,false,true,false,122,158,true,false,true,false,false,1,3,9,1,3,1,3,true,false,3,0,0,true,0,1,false,5)
474:(118,true,false,false,false,true,false,122,162,true,true,true,false,false,2,3,9,1,3,1,3,false,true,1,6,6,true,0,2,false,1)
475:(118,true,false,false,true,false,false,122,158,true,false,true,false,false,1,3,9,1,3,1,3,true,false,3,0,0,true,0,1,false,4)
476:(118,true,false,false,true,false,false,122,158,true,false,true,false,false,1,3,9,1,3,1,3,true,false,3,0,0,true,0,1,false,5)
477:(118,true,false,false,true,false,false,122,158,true,false,true,false,false,1,3,9,1,3,1,3,true,false,3,4,2,true,0,1,false,3)
478:(118,true,false,false,true,false,false,122,162,true,true,true,false,false,2,3,9,1,3,1,3,false,true,1,0,0,true,0,2,false,1)
479:(118,true,false,true,false,false,false,122,158,true,false,true,false,false,1,3,9,1,3,1,3,true,false,0,4,2,true,0,1,false,3)
480:(118,true,false,true,false,false,false,122,158,true,false,true,false,false,1,3,9,1,3,1,3,true,false,3,0,0,true,0,1,false,4)
481:(118,true,false,true,false,false,false,122,158,true,false,true,false,false,1,3,9,1,3,1,3,true,false,3,0,0,true,0,1,false,5)
482:(118,true,false,true,false,false,false,122,162,true,true,true,false,false,2,3,9,1,3,1,3,false,true,3,0,0,true,0,2,false,1)
483:(118,true,true,false,false,false,false,118,158,false,false,false,false,false,0,-1,38,1,3,1,3,false,false,0,4,2,true,0,1,false,3)
484:(118,true,true,false,false,false,false,122,158,false,false,false,false,false,0,-1,38,1,3,1,3,false,false,3,0,0,true,0,1,false,4)
485:(118,true,true,false,false,false,false,122,158,false,false,false,false,false,0,-1,38,1,3,1,3,false,false,3,0,0,true,0,1,false,5)
486:(118,true,true,false,false,false,false,122,158,false,false,false,false,false,0,-1,38,1,3,1,3,false,false,3,0,0,true,0,2,false,1)
487:(118,true,true,false,false,false,false,122,158,true,false,false,false,false,0,-1,38,1,3,1,3,false,false,0,4,2,true,0,1,false,3)
488:(118,true,true,false,false,false,false,122,158,true,false,false,false,false,0,-1,38,1,3,1,3,false,false,3,0,0,true,0,1,false,4)
489:(118,true,true,false,false,false,false,122,158,true,false,false,false,false,0,-1,38,1,3,1,3,false,false,3,0,0,true,0,1,false,5)
490:(118,true,true,false,false,false,false,122,158,true,false,false,false,false,0,-1,38,1,3,1,3,false,false,3,0,0,true,0,2,false,1)
491:(118,true,true,false,false,false,false,122,158,true,false,true,false,false,1,3,9,1,3,1,3,false,false,0,4,2,true,0,1,false,3)
492:(118,true,true,false,false,false,false,122,158,true,false,true,false,false,1,3,9,1,3,1,3,false,false,3,0,0,true,0,1,false,4)
493:(118,true,true,false,false,false,false,122,158,true,false,true,false,false,1,3,9,1,3,1,3,false,false,3,0,0,true,0,1,false,5)
494:(118,true,true,false,false,false,false,122,158,true,false,true,false,false,2,3,9,1,3,1,3,false,false,3,0,0,true,0,2,false,1)
495:(118,true,true,false,false,false,false,122,158,true,false,true,false,false,2,3,9,1,3,1,3,true,false,3,0,0,true,0,2,false,1)
496:(118,true,true,false,false,false,false,122,162,true,true,true,false,false,2,3,9,1,3,1,3,false,false,3,0,0,true,0,2,false,1)
497:(118,true,true,false,false,false,true,118,158,true,true,true,false,false,1,7,9,1,7,4,7,false,true,0,4,2,true,0,1,false,3)
498:(118,true,true,false,false,false,true,122,158,true,false,true,false,false,1,3,9,1,3,1,3,true,false,3,0,0,true,0,1,false,4)
499:(118,true,true,false,false,false,true,122,158,true,false,true,false,false,1,3,9,1,3,1,3,true,false,3,0,0,true,0,1,false,5)
500:(118,true,true,false,false,false,true,122,158,true,false,true,false,false,1,3,9,1,3,1,3,true,false,3,0,0,true,0,2,false,1)
501:(120,true,false,false,false,false,false,124,164,true,true,true,false,false,3,1,9,3,1,2,1,false,true,0,16,8,true,0,3,true,3)
502:(120,true,false,false,false,true,false,124,164,true,true,true,false,false,3,1,9,3,1,2,1,false,true,0,16,8,true,0,3,false,2)
503:(120,true,false,false,true,false,false,124,164,true,true,true,false,false,3,1,9,3,1,2,1,false,true,0,16,8,true,0,3,false,2)
504:(120,true,false,true,false,false,false,124,164,true,true,true,false,false,3,1,9,3,1,2,1,false,true,0,16,8,true,0,3,false,2)
505:(120,true,true,false,false,false,false,108,148,false,false,false,false,false,0,-1,38,3,1,2,1,false,false,0,16,8,true,0,3,false,2)
506:(120,true,true,false,false,false,false,124,148,true,false,false,false,false,0,-1,38,3,1,2,1,false,false,0,16,8,true,0,3,false,2)
507:(120,true,true,false,false,false,false,124,148,true,false,true,false,false,3,1,9,3,1,2,1,false,false,0,16,8,true,0,3,false,2)
508:(120,true,true,false,false,false,false,124,148,true,false,true,false,false,3,1,9,3,1,2,1,true,false,0,16,8,true,0,3,false,2)
509:(120,true,true,false,false,false,false,124,164,true,true,true,false,false,3,1,9,3,1,2,1,false,false,0,16,8,true,0,3,false,2)
510:(120,true,true,false,false,false,true,108,148,true,true,true,false,false,3,17,9,2,17,1,17,false,true,0,16,8,true,0,3,false,2)
511:(122,true,false,false,false,false,false,126,166,true,true,true,false,false,0,-1,9,0,-1,0,-1,false,true,1,10,8,true,0,1,true,2)
512:(122,true,false,false,false,true,false,126,166,true,true,true,false,false,0,-1,9,0,-1,0,-1,false,true,1,10,8,true,0,1,false,1)
513:(122,true,false,false,true,false,false,126,166,true,true,true,false,false,0,-1,9,0,-1,0,-1,false,true,1,8,2,true,0,1,false,1)
514:(122,true,false,true,false,false,false,126,166,true,true,true,false,false,0,-1,9,0,-1,0,-1,false,true,3,8,2,true,0,1,false,1)
515:(122,true,true,false,false,false,false,118,158,false,false,false,false,false,0,-1,38,0,-1,0,-1,false,false,3,8,2,true,0,1,false,1)
516:(122,true,true,false,false,false,false,126,158,true,false,false,false,false,0,-1,38,0,-1,0,-1,false,false,3,8,2,true,0,1,false,1)
517:(122,true,true,false,false,false,false,126,158,true,false,true,false,false,0,-1,9,0,-1,0,-1,false,false,3,8,2,true,0,1,false,1)
518:(122,true,true,false,false,false,false,126,158,true,false,true,false,false,0,-1,9,0,-1,0,-1,true,false,3,8,2,true,0,1,false,1)
519:(122,true,true,false,false,false,false,126,166,true,true,true,false,false,0,-1,9,0,-1,0,-1,false,false,3,8,2,true,0,1,false,1)
520:(122,true,true,false,false,false,true,118,158,true,true,true,false,false,4,7,9,3,7,3,7,false,true,3,8,2,true,0,1,false,1)
521:(124,true,false,false,false,false,false,128,168,true,true,true,false,false,0,-1,9,0,-1,0,-1,false,true,0,12,6,true,0,3,true,2)
522:(124,true,false,false,false,true,false,128,168,true,true,true,false,false,0,-1,9,0,-1,0,-1,false,true,0,12,6,true,0,3,false,1)
523:(124,true,false,false,true,false,false,128,168,true,true,true,false,false,0,-1,9,0,-1,0,-1,false,true,0,6,6,true,0,3,false,1)
524:(124,true,false,true,false,false,false,128,168,true,true,true,false,false,0,-1,9,0,-1,0,-1,false,true,1,6,6,true,0,3,false,1)
525:(124,true,true,false,false,false,false,122,162,false,false,false,false,false,0,-1,38,0,-1,0,-1,false,false,1,6,6,true,0,3,false,1)
526:(124,true,true,false,false,false,false,128,162,true,false,false,false,false,0,-1,38,0,-1,0,-1,false,false,1,6,6,true,0,3,false,1)
527:(124,true,true,false,false,false,false,128,162,true,false,true,false,false,0,-1,9,0,-1,0,-1,false,false,1,6,6,true,0,3,false,1)
528:(124,true,true,false,false,false,false,128,162,true,false,true,false,false,0,-1,9,0,-1,0,-1,true,false,1,6,6,true,0,3,false,1)
529:(124,true,true,false,false,false,false,128,168,true,true,true,false,false,0,-1,9,0,-1,0,-1,false,false,1,6,6,true,0,3,false,1)
530:(124,true,true,false,false,false,true,122,162,true,true,true,false,false,2,3,9,1,3,1,3,false,true,1,6,6,true,0,3,false,1)
531:(132,true,false,false,false,false,false,136,170,true,true,true,false,false,0,-1,9,0,-1,0,-1,false,true,0,16,8,true,0,1,true,3)
532:(132,true,false,false,false,false,false,136,170,true,true,true,false,false,0,-1,9,0,-1,0,-1,false,true,0,16,8,true,0,4,true,1)
533:(132,true,false,false,false,true,false,136,170,true,true,true,false,false,0,-1,9,0,-1,0,-1,false,true,0,16,8,true,0,1,false,2)
534:(132,true,false,false,false,true,false,136,170,true,true,true,false,false,0,-1,9,0,-1,0,-1,false,true,0,16,8,true,0,3,false,3)
535:(132,true,false,false,true,false,false,136,170,true,true,true,false,false,0,-1,9,0,-1,0,-1,false,true,0,10,8,true,0,1,false,2)
536:(132,true,false,false,true,false,false,136,170,true,true,true,false,false,0,-1,9,0,-1,0,-1,false,true,0,16,8,true,0,3,false,3)
537:(132,true,false,true,false,false,false,136,170,true,true,true,false,false,0,-1,9,0,-1,0,-1,false,true,0,16,8,true,0,3,false,3)
538:(132,true,false,true,false,false,false,136,170,true,true,true,false,false,0,-1,9,0,-1,0,-1,false,true,1,10,8,true,0,1,false,2)
539:(132,true,true,false,false,false,false,120,160,false,false,false,false,false,0,-1,38,0,-1,0,-1,false,false,0,16,8,true,0,3,false,3)
540:(132,true,true,false,false,false,false,126,166,false,false,false,false,false,0,-1,38,0,-1,0,-1,false,false,1,10,8,true,0,1,false,2)
541:(132,true,true,false,false,false,false,136,160,true,false,false,false,false,0,-1,38,0,-1,0,-1,false,false,0,16,8,true,0,3,false,3)
542:(132,true,true,false,false,false,false,136,160,true,false,true,false,false,0,-1,9,0,-1,0,-1,false,false,0,16,8,true,0,3,false,3)
543:(132,true,true,false,false,false,false,136,160,true,false,true,false,false,0,-1,9,0,-1,0,-1,true,false,0,16,8,true,0,3,false,3)
544:(132,true,true,false,false,false,false,136,166,true,false,false,false,false,0,-1,38,0,-1,0,-1,false,false,1,10,8,true,0,1,false,2)
545:(132,true,true,false,false,false,false,136,166,true,false,true,false,false,0,-1,9,0,-1,0,-1,false,false,1,10,8,true,0,1,false,2)
546:(132,true,true,false,false,false,false,136,166,true,false,true,false,false,0,-1,9,0,-1,0,-1,true,false,1,10,8,true,0,1,false,2)
547:(132,true,true,false,false,false,false,136,170,true,true,true,false,false,0,-1,9,0,-1,0,-1,false,false,0,16,8,true,0,3,false,3)
548:(132,true,true,false,false,false,false,136,170,true,true,true,false,false,0,-1,9,0,-1,0,-1,false,false,1,10,8,true,0,1,false,2)
549:(132,true,true,false,false,false,true,120,160,true,true,true,false,false,3,5,9,3,5,2,5,false,true,0,16,8,true,0,3,false,3)
550:(132,true,true,false,false,false,true,126,166,true,true,true,false,false,0,-1,9,0,-1,0,-1,false,true,1,10,8,true,0,1,false,2)
551:(136,true,false,false,false,false,false,140,170,true,true,true,false,false,0,-1,9,0,-1,0,-1,false,true,0,12,6,true,0,3,true,3)
552:(136,true,false,false,false,false,false,140,170,true,true,true,false,false,0,-1,9,0,-1,0,-1,false,true,0,16,8,true,0,4,true,1)
553:(136,true,false,false,false,true,false,140,170,true,true,true,false,false,0,-1,9,0,-1,0,-1,false,true,0,12,6,true,0,3,false,2)
554:(136,true,false,false,false,true,false,140,170,true,true,true,false,false,0,-1,9,0,-1,0,-1,false,true,0,16,8,true,0,3,false,3)
555:(136,true,false,false,true,false,false,140,170,true,true,true,false,false,0,-1,9,0,-1,0,-1,false,true,0,12,6,true,0,3,false,2)
556:(136,true,false,false,true,false,false,140,170,true,true,true,false,false,0,-1,9,0,-1,0,-1,false,true,0,16,8,true,0,3,false,3)
557:(136,true,false,true,false,false,false,140,170,true,true,true,false,false,0,-1,9,0,-1,0,-1,false,true,0,12,6,true,0,3,false,2)
558:(136,true,false,true,false,false,false,140,170,true,true,true,false,false,0,-1,9,0,-1,0,-1,false,true,0,16,8,true,0,3,false,3)
559:(136,true,true,false,false,false,false,124,164,false,false,false,false,false,0,-1,38,0,-1,0,-1,false,false,0,16,8,true,0,3,false,3)
560:(136,true,true,false,false,false,false,128,168,false,false,false,false,false,0,-1,38,0,-1,0,-1,false,false,0,12,6,true,0,3,false,2)
561:(136,true,true,false,false,false,false,140,164,true,false,false,false,false,0,-1,38,0,-1,0,-1,false,false,0,16,8,true,0,3,false,3)
562:(136,true,true,false,false,false,false,140,164,true,false,true,false,false,0,-1,9,0,-1,0,-1,false,false,0,16,8,true,0,3,false,3)
563:(136,true,true,false,false,false,false,140,164,true,false,true,false,false,0,-1,9,0,-1,0,-1,true,false,0,16,8,true,0,3,false,3)
564:(136,true,true,false,false,false,false,140,168,true,false,false,false,false,0,-1,38,0,-1,0,-1,false,false,0,12,6,true,0,3,false,2)
565:(136,true,true,false,false,false,false,140,168,true,false,true,false,false,0,-1,9,0,-1,0,-1,false,false,0,12,6,true,0,3,false,2)
566:(136,true,true,false,false,false,false,140,168,true,false,true,false,false,0,-1,9,0,-1,0,-1,true,false,0,12,6,true,0,3,false,2)
567:(136,true,true,false,false,false,false,140,170,true,true,true,false,false,0,-1,9,0,-1,0,-1,false,false,0,12,6,true,0,3,false,2)
568:(136,true,true,false,false,false,false,140,170,true,true,true,false,false,0,-1,9,0,-1,0,-1,false,false,0,16,8,true,0,3,false,3)
569:(136,true,true,false,false,false,true,124,164,true,true,true,false,false,3,1,9,3,1,2,1,false,true,0,16,8,true,0,3,false,3)
570:(136,true,true,false,false,false,true,128,168,true,true,true,false,false,0,-1,9,0,-1,0,-1,false,true,0,12,6,true,0,3,false,2)
571:(148,true,false,false,false,false,false,152,170,true,true,true,false,false,0,-1,9,0,-1,0,-1,false,true,0,12,6,true,0,4,true,1)
572:(148,true,false,false,false,false,false,152,170,true,true,true,false,false,0,-1,9,0,-1,0,-1,false,true,0,16,8,true,0,1,true,1)
573:(148,true,false,false,false,false,false,152,170,true,true,true,false,false,0,-1,9,0,-1,0,-1,false,true,0,16,8,true,0,1,true,4)
574:(148,true,false,false,false,true,false,152,170,true,true,true,false,false,0,-1,9,0,-1,0,-1,false,true,0,12,6,true,0,3,false,3)
575:(148,true,false,false,false,true,false,152,170,true,true,true,false,false,0,-1,9,0,-1,0,-1,false,true,0,16,8,true,0,1,false,3)
576:(148,true,false,false,false,true,false,152,170,true,true,true,false,false,0,-1,9,0,-1,0,-1,false,true,0,16,8,true,0,4,false,1)
577:(148,true,false,false,true,false,false,152,170,true,true,true,false,false,0,-1,9,0,-1,0,-1,false,true,0,12,6,true,0,3,false,3)
578:(148,true,false,false,true,false,false,152,170,true,true,true,false,false,0,-1,9,0,-1,0,-1,false,true,0,16,8,true,0,1,false,3)
579:(148,true,false,false,true,false,false,152,170,true,true,true,false,false,0,-1,9,0,-1,0,-1,false,true,0,16,8,true,0,4,false,1)
580:(148,true,false,true,false,false,false,152,170,true,true,true,false,false,0,-1,9,0,-1,0,-1,false,true,0,12,6,true,0,3,false,3)
581:(148,true,false,true,false,false,false,152,170,true,true,true,false,false,0,-1,9,0,-1,0,-1,false,true,0,16,8,true,0,1,false,3)
582:(148,true,false,true,false,false,false,152,170,true,true,true,false,false,0,-1,9,0,-1,0,-1,false,true,0,16,8,true,0,4,false,1)
583:(148,true,true,false,false,false,false,136,170,false,false,false,false,false,0,-1,38,0,-1,0,-1,false,false,0,16,8,true,0,1,false,3)
584:(148,true,true,false,false,false,false,136,170,false,false,false,false,false,0,-1,38,0,-1,0,-1,false,false,0,16,8,true,0,4,false,1)
585:(148,true,true,false,false,false,false,140,170,false,false,false,false,false,0,-1,38,0,-1,0,-1,false,false,0,12,6,true,0,3,false,3)
586:(148,true,true,false,false,false,false,152,170,true,false,false,false,false,0,-1,38,0,-1,0,-1,false,false,0,12,6,true,0,3,false,3)
587:(148,true,true,false,false,false,false,152,170,true,false,false,false,false,0,-1,38,0,-1,0,-1,false,false,0,16,8,true,0,1,false,3)
588:(148,true,true,false,false,false,false,152,170,true,false,false,false,false,0,-1,38,0,-1,0,-1,false,false,0,16,8,true,0,4,false,1)
589:(148,true,true,false,false,false,false,152,170,true,false,true,false,false,0,-1,9,0,-1,0,-1,false,false,0,12,6,true,0,3,false,3)
590:(148,true,true,false,false,false,false,152,170,true,false,true,false,false,0,-1,9,0,-1,0,-1,false,false,0,16,8,true,0,1,false,3)
591:(148,true,true,false,false,false,false,152,170,true,false,true,false,false,0,-1,9,0,-1,0,-1,false,false,0,16,8,true,0,4,false,1)
592:(148,true,true,false,false,false,false,152,170,true,false,true,false,false,0,-1,9,0,-1,0,-1,true,false,0,12,6,true,0,3,false,3)
593:(148,true,true,false,false,false,false,152,170,true,false,true,false,false,0,-1,9,0,-1,0,-1,true,false,0,16,8,true,0,1,false,3)
594:(148,true,true,false,false,false,false,152,170,true,false,true,false,false,0,-1,9,0,-1,0,-1,true,false,0,16,8,true,0,4,false,1)
595:(148,true,true,false,false,false,false,152,170,true,true,true,false,false,0,-1,9,0,-1,0,-1,false,false,0,12,6,true,0,3,false,3)
596:(148,true,true,false,false,false,false,152,170,true,true,true,false,false,0,-1,9,0,-1,0,-1,false,false,0,16,8,true,0,1,false,3)
597:(148,true,true,false,false,false,false,152,170,true,true,true,false,false,0,-1,9,0,-1,0,-1,false,false,0,16,8,true,0,4,false,1)
598:(148,true,true,false,false,false,true,136,170,true,true,true,false,false,0,-1,9,0,-1,0,-1,false,true,0,16,8,true,0,1,false,3)
599:(148,true,true,false,false,false,true,136,170,true,true,true,false,false,0,-1,9,0,-1,0,-1,false,true,0,16,8,true,0,4,false,1)
600:(148,true,true,false,false,false,true,140,170,true,true,true,false,false,0,-1,9,0,-1,0,-1,false,true,0,12,6,true,0,3,false,3)
601:(152,true,false,false,false,false,false,156,170,true,true,true,false,false,0,-1,9,0,-1,0,-1,false,true,0,16,8,true,0,1,true,1)
602:(152,true,false,false,false,true,false,156,170,true,true,true,false,false,0,-1,9,0,-1,0,-1,false,true,0,16,8,true,0,4,false,1)
603:(152,true,false,false,true,false,false,156,170,true,true,true,false,false,0,-1,9,0,-1,0,-1,false,true,0,16,8,true,0,4,false,1)
604:(152,true,false,true,false,false,false,156,170,true,true,true,false,false,0,-1,9,0,-1,0,-1,false,true,0,16,8,true,0,4,false,1)
605:(152,true,true,false,false,false,false,140,170,false,false,false,false,false,0,-1,38,0,-1,0,-1,false,false,0,16,8,true,0,4,false,1)
606:(152,true,true,false,false,false,false,156,170,true,false,false,false,false,0,-1,38,0,-1,0,-1,false,false,0,16,8,true,0,4,false,1)
607:(152,true,true,false,false,false,false,156,170,true,false,true,false,false,0,-1,9,0,-1,0,-1,false,false,0,16,8,true,0,4,false,1)
608:(152,true,true,false,false,false,false,156,170,true,false,true,false,false,0,-1,9,0,-1,0,-1,true,false,0,16,8,true,0,4,false,1)
609:(152,true,true,false,false,false,false,156,170,true,true,true,false,false,0,-1,9,0,-1,0,-1,false,false,0,16,8,true,0,4,false,1)
610:(152,true,true,false,false,false,true,140,170,true,true,true,false,false,0,-1,9,0,-1,0,-1,false,true,0,16,8,true,0,4,false,1)
611:(160,true,false,false,false,false,false,164,170,true,true,true,false,false,0,-1,9,0,-1,0,-1,false,true,0,12,6,true,0,1,true,1)
612:(160,true,false,false,false,true,false,164,170,true,true,true,false,false,0,-1,9,0,-1,0,-1,false,true,0,12,6,true,0,4,false,1)
613:(160,true,false,false,true,false,false,164,170,true,true,true,false,false,0,-1,9,0,-1,0,-1,false,true,0,12,6,true,0,4,false,1)
614:(160,true,false,true,false,false,false,164,170,true,true,true,false,false,0,-1,9,0,-1,0,-1,false,true,0,12,6,true,0,4,false,1)
615:(160,true,true,false,false,false,false,152,170,false,false,false,false,false,0,-1,38,0,-1,0,-1,false,false,0,12,6,true,0,4,false,1)
616:(160,true,true,false,false,false,false,164,170,true,false,false,false,false,0,-1,38,0,-1,0,-1,false,false,0,12,6,true,0,4,false,1)
617:(160,true,true,false,false,false,false,164,170,true,false,true,false,false,0,-1,9,0,-1,0,-1,false,false,0,12,6,true,0,4,false,1)
618:(160,true,true,false,false,false,false,164,170,true,false,true,false,false,0,-1,9,0,-1,0,-1,true,false,0,12,6,true,0,4,false,1)
619:(160,true,true,false,false,false,false,164,170,true,true,true,false,false,0,-1,9,0,-1,0,-1,false,false,0,12,6,true,0,4,false,1)
620:(160,true,true,false,false,false,true,152,170,true,true,true,false,false,0,-1,9,0,-1,0,-1,false,true,0,12,6,true,0,4,false,1)
621:(164,true,false,false,false,false,false,168,170,true,true,true,false,false,0,-1,9,0,-1,0,-1,false,true,0,16,8,true,0,1,true,2)
622:(164,true,false,false,false,false,false,168,170,true,true,true,false,false,0,-1,9,0,-1,0,-1,false,true,0,16,8,true,0,1,true,5)
623:(164,true,false,false,false,true,false,168,170,true,true,true,false,false,0,-1,9,0,-1,0,-1,false,true,0,16,8,true,0,1,false,1)
624:(164,true,false,false,false,true,false,168,170,true,true,true,false,false,0,-1,9,0,-1,0,-1,false,true,0,16,8,true,0,1,false,4)
625:(164,true,false,false,true,false,false,168,170,true,true,true,false,false,0,-1,9,0,-1,0,-1,false,true,0,16,8,true,0,1,false,1)
626:(164,true,false,false,true,false,false,168,170,true,true,true,false,false,0,-1,9,0,-1,0,-1,false,true,0,16,8,true,0,1,false,4)
627:(164,true,false,true,false,false,false,168,170,true,true,true,false,false,0,-1,9,0,-1,0,-1,false,true,0,16,8,true,0,1,false,1)
628:(164,true,false,true,false,false,false,168,170,true,true,true,false,false,0,-1,9,0,-1,0,-1,false,true,0,16,8,true,0,1,false,4)
629:(164,true,true,false,false,false,false,152,170,false,false,false,false,false,0,-1,38,0,-1,0,-1,false,false,0,16,8,true,0,1,false,1)
630:(164,true,true,false,false,false,false,152,170,false,false,false,false,false,0,-1,38,0,-1,0,-1,false,false,0,16,8,true,0,1,false,4)
631:(164,true,true,false,false,false,false,168,170,true,false,false,false,false,0,-1,38,0,-1,0,-1,false,false,0,16,8,true,0,1,false,1)
632:(164,true,true,false,false,false,false,168,170,true,false,false,false,false,0,-1,38,0,-1,0,-1,false,false,0,16,8,true,0,1,false,4)
633:(164,true,true,false,false,false,false,168,170,true,false,true,false,false,0,-1,9,0,-1,0,-1,false,false,0,16,8,true,0,1,false,1)
634:(164,true,true,false,false,false,false,168,170,true,false,true,false,false,0,-1,9,0,-1,0,-1,false,false,0,16,8,true,0,1,false,4)
635:(164,true,true,false,false,false,false,168,170,true,false,true,false,false,0,-1,9,0,-1,0,-1,true,false,0,16,8,true,0,1,false,1)
636:(164,true,true,false,false,false,false,168,170,true,false,true,false,false,0,-1,9,0,-1,0,-1,true,false,0,16,8,true,0,1,false,4)
637:(164,true,true,false,false,false,false,168,170,true,true,true,false,false,0,-1,9,0,-1,0,-1,false,false,0,16,8,true,0,1,false,1)
638:(164,true,true,false,false,false,false,168,170,true,true,true,false,false,0,-1,9,0,-1,0,-1,false,false,0,16,8,true,0,1,false,4)
639:(164,true,true,false,false,false,true,152,170,true,true,true,false,false,0,-1,9,0,-1,0,-1,false,true,0,16,8,true,0,1,false,1)
640:(164,true,true,false,false,false,true,152,170,true,true,true,false,false,0,-1,9,0,-1,0,-1,false,true,0,16,8,true,0,1,false,4)
641:(168,true,false,false,false,false,false,170,170,true,true,true,false,false,0,-1,9,0,-1,0,-1,false,true,0,16,8,true,0,1,true,2)
642:(168,true,false,false,false,true,false,170,170,true,true,true,false,false,0,-1,9,0,-1,0,-1,false,true,0,16,8,true,0,1,false,1)
643:(168,true,false,false,true,false,false,170,170,true,true,true,false,false,0,-1,9,0,-1,0,-1,false,true,0,16,8,true,0,1,false,1)
644:(168,true,false,true,false,false,false,170,170,true,true,true,false,false,0,-1,9,0,-1,0,-1,false,true,0,16,8,true,0,1,false,1)
645:(168,true,true,false,false,false,false,156,170,false,false,false,false,false,0,-1,38,0,-1,0,-1,false,false,0,16,8,true,0,1,false,1)
646:(168,true,true,false,false,false,false,170,170,true,false,false,false,false,0,-1,38,0,-1,0,-1,false,false,0,16,8,true,0,1,false,1)
647:(168,true,true,false,false,false,false,170,170,true,false,true,false,false,0,-1,9,0,-1,0,-1,false,false,0,16,8,true,0,1,false,1)
648:(168,true,true,false,false,false,false,170,170,true,false,true,false,false,0,-1,9,0,-1,0,-1,true,false,0,16,8,true,0,1,false,1)
649:(168,true,true,false,false,false,false,170,170,true,true,true,false,false,0,-1,9,0,-1,0,-1,false,false,0,16,8,true,0,1,false,1)
650:(168,true,true,false,false,false,true,156,170,true,true,true,false,false,0,-1,9,0,-1,0,-1,false,true,0,16,8,true,0,1,false,1)
651:(170,true,false,false,false,false,false,170,170,true,true,true,false,false,0,-1,9,0,-1,0,-1,false,true,0,12,6,true,0,1,true,2)
652:(170,true,false,false,false,false,false,170,170,true,true,true,false,false,0,-1,9,0,-1,0,-1,false,true,0,16,8,true,0,1,true,3)
653:(170,true,false,false,false,false,false,170,170,true,true,true,false,false,0,-1,9,0,-1,0,-1,false,true,0,16,8,true,0,2,true,1)
654:(170,true,false,false,false,true,false,170,170,true,true,true,false,false,0,-1,9,0,-1,0,-1,false,true,0,12,6,true,0,1,false,1)
655:(170,true,false,false,false,true,false,170,170,true,true,true,false,false,0,-1,9,0,-1,0,-1,false,true,0,16,8,true,0,1,false,2)
656:(170,true,false,false,false,true,false,170,170,true,true,true,false,false,0,-1,9,0,-1,0,-1,false,true,0,16,8,true,0,1,false,5)
657:(170,true,false,false,true,false,false,170,170,true,true,true,false,false,0,-1,9,0,-1,0,-1,false,true,0,12,6,true,0,1,false,1)
658:(170,true,false,false,true,false,false,170,170,true,true,true,false,false,0,-1,9,0,-1,0,-1,false,true,0,16,8,true,0,1,false,2)
659:(170,true,false,false,true,false,false,170,170,true,true,true,false,false,0,-1,9,0,-1,0,-1,false,true,0,16,8,true,0,1,false,5)
660:(170,true,false,true,false,false,false,170,170,true,true,true,false,false,0,-1,9,0,-1,0,-1,false,true,0,12,6,true,0,1,false,1)
661:(170,true,false,true,false,false,false,170,170,true,true,true,false,false,0,-1,9,0,-1,0,-1,false,true,0,16,8,true,0,1,false,2)
662:(170,true,false,true,false,false,false,170,170,true,true,true,false,false,0,-1,9,0,-1,0,-1,false,true,0,16,8,true,0,1,false,5)
663:(170,true,true,false,false,false,false,164,170,false,false,false,false,false,0,-1,38,0,-1,0,-1,false,false,0,12,6,true,0,1,false,1)
664:(170,true,true,false,false,false,false,168,170,false,false,false,false,false,0,-1,38,0,-1,0,-1,false,false,0,16,8,true,0,1,false,2)
665:(170,true,true,false,false,false,false,168,170,false,false,false,false,false,0,-1,38,0,-1,0,-1,false,false,0,16,8,true,0,1,false,5)
666:(170,true,true,false,false,false,false,170,170,false,false,false,false,false,0,-1,38,0,-1,0,-1,false,false,0,16,8,true,0,1,false,2)
667:(170,true,true,false,false,false,false,170,170,true,false,false,false,false,0,-1,38,0,-1,0,-1,false,false,0,12,6,true,0,1,false,1)
668:(170,true,true,false,false,false,false,170,170,true,false,false,false,false,0,-1,38,0,-1,0,-1,false,false,0,16,8,true,0,1,false,2)
669:(170,true,true,false,false,false,false,170,170,true,false,false,false,false,0,-1,38,0,-1,0,-1,false,false,0,16,8,true,0,1,false,5)
670:(170,true,true,false,false,false,false,170,170,true,false,true,false,false,0,-1,9,0,-1,0,-1,false,false,0,12,6,true,0,1,false,1)
671:(170,true,true,false,false,false,false,170,170,true,false,true,false,false,0,-1,9,0,-1,0,-1,false,false,0,16,8,true,0,1,false,2)
672:(170,true,true,false,false,false,false,170,170,true,false,true,false,false,0,-1,9,0,-1,0,-1,false,false,0,16,8,true,0,1,false,5)
673:(170,true,true,false,false,false,false,170,170,true,false,true,false,false,0,-1,9,0,-1,0,-1,true,false,0,12,6,true,0,1,false,1)
674:(170,true,true,false,false,false,false,170,170,true,false,true,false,false,0,-1,9,0,-1,0,-1,true,false,0,16,8,true,0,1,false,2)
675:(170,true,true,false,false,false,false,170,170,true,false,true,false,false,0,-1,9,0,-1,0,-1,true,false,0,16,8,true,0,1,false,5)
676:(170,true,true,false,false,false,false,170,170,true,true,true,false,false,0,-1,9,0,-1,0,-1,false,false,0,12,6,true,0,1,false,1)
677:(170,true,true,false,false,false,false,170,170,true,true,true,false,false,0,-1,9,0,-1,0,-1,false,false,0,16,8,true,0,1,false,2)
678:(170,true,true,false,false,false,false,170,170,true,true,true,false,false,0,-1,9,0,-1,0,-1,false,false,0,16,8,true,0,1,false,5)
679:(170,true,true,false,false,false,true,164,170,true,true,true,false,false,0,-1,9,0,-1,0,-1,false,true,0,12,6,true,0,1,false,1)
680:(170,true,true,false,false,false,true,168,170,true,true,true,false,false,0,-1,9,0,-1,0,-1,false,true,0,16,8,true,0,1,false,2)
681:(170,true,true,false,false,false,true,168,170,true,true,true,false,false,0,-1,9,0,-1,0,-1,false,true,0,16,8,true,0,1,false,5)
682:(170,true,true,false,false,false,true,170,170,true,true,true,false,false,0,-1,9,0,-1,0,-1,false,true,0,16,8,true,0,1,false,2)
